[INFO] Scanning for projects...
[INFO] 
[INFO] -------------------< com.challenge:spring-data-ddl >--------------------
[INFO] Building spring-data-ddl 0.0.1-SNAPSHOT
[INFO] --------------------------------[ jar ]---------------------------------
[INFO] 
[INFO] --- maven-resources-plugin:3.1.0:resources (default-resources) @ spring-data-ddl ---
[INFO] Using 'UTF-8' encoding to copy filtered resources.
[INFO] Copying 1 resource
[INFO] Copying 0 resource
[INFO] 
[INFO] --- maven-compiler-plugin:3.8.1:compile (default-compile) @ spring-data-ddl ---
[INFO] Nothing to compile - all classes are up to date
[INFO] 
[INFO] --- maven-resources-plugin:3.1.0:testResources (default-testResources) @ spring-data-ddl ---
[INFO] Using 'UTF-8' encoding to copy filtered resources.
[INFO] Copying 1 resource
[INFO] 
[INFO] --- maven-compiler-plugin:3.8.1:testCompile (default-testCompile) @ spring-data-ddl ---
[INFO] Nothing to compile - all classes are up to date
[INFO] 
[INFO] --- maven-surefire-plugin:2.22.2:test (default-test) @ spring-data-ddl ---
[INFO] 
[INFO] -------------------------------------------------------
[INFO]  T E S T S
[INFO] -------------------------------------------------------
[INFO] Running com.challenge.SpringDmlApplicationTests
20:56:49.607 [main] DEBUG org.springframework.test.context.junit4.SpringJUnit4ClassRunner - SpringJUnit4ClassRunner constructor called with [class com.challenge.SpringDmlApplicationTests]
20:56:49.615 [main] DEBUG org.springframework.test.context.BootstrapUtils - Instantiating CacheAwareContextLoaderDelegate from class [org.springframework.test.context.cache.DefaultCacheAwareContextLoaderDelegate]
20:56:49.633 [main] DEBUG org.springframework.test.context.BootstrapUtils - Instantiating BootstrapContext using constructor [public org.springframework.test.context.support.DefaultBootstrapContext(java.lang.Class,org.springframework.test.context.CacheAwareContextLoaderDelegate)]
20:56:49.723 [main] DEBUG org.springframework.test.context.BootstrapUtils - Instantiating TestContextBootstrapper for test class [com.challenge.SpringDmlApplicationTests] from class [org.springframework.boot.test.context.SpringBootTestContextBootstrapper]
20:56:49.747 [main] INFO org.springframework.boot.test.context.SpringBootTestContextBootstrapper - Neither @ContextConfiguration nor @ContextHierarchy found for test class [com.challenge.SpringDmlApplicationTests], using SpringBootContextLoader
20:56:49.755 [main] DEBUG org.springframework.test.context.support.AbstractContextLoader - Did not detect default resource location for test class [com.challenge.SpringDmlApplicationTests]: class path resource [com/challenge/SpringDmlApplicationTests-context.xml] does not exist
20:56:49.756 [main] DEBUG org.springframework.test.context.support.AbstractContextLoader - Did not detect default resource location for test class [com.challenge.SpringDmlApplicationTests]: class path resource [com/challenge/SpringDmlApplicationTestsContext.groovy] does not exist
20:56:49.756 [main] INFO org.springframework.test.context.support.AbstractContextLoader - Could not detect default resource locations for test class [com.challenge.SpringDmlApplicationTests]: no resource found for suffixes {-context.xml, Context.groovy}.
20:56:49.760 [main] INFO org.springframework.test.context.support.AnnotationConfigContextLoaderUtils - Could not detect default configuration classes for test class [com.challenge.SpringDmlApplicationTests]: SpringDmlApplicationTests does not declare any static, non-private, non-final, nested classes annotated with @Configuration.
20:56:49.907 [main] DEBUG org.springframework.test.context.support.ActiveProfilesUtils - Could not find an 'annotation declaring class' for annotation type [org.springframework.test.context.ActiveProfiles] and class [com.challenge.SpringDmlApplicationTests]
20:56:50.063 [main] DEBUG org.springframework.context.annotation.ClassPathScanningCandidateComponentProvider - Identified candidate component class: file [/Users/samuelsantos/codenation/java-10/target/classes/com/challenge/SpringChallengeApplication.class]
20:56:50.066 [main] INFO org.springframework.boot.test.context.SpringBootTestContextBootstrapper - Found @SpringBootConfiguration com.challenge.SpringChallengeApplication for test class com.challenge.SpringDmlApplicationTests
20:56:50.221 [main] DEBUG org.springframework.boot.test.context.SpringBootTestContextBootstrapper - @TestExecutionListeners is not present for class [com.challenge.SpringDmlApplicationTests]: using defaults.
20:56:50.224 [main] INFO org.springframework.boot.test.context.SpringBootTestContextBootstrapper - Loaded default TestExecutionListener class names from location [META-INF/spring.factories]: [org.springframework.boot.test.mock.mockito.MockitoTestExecutionListener, org.springframework.boot.test.mock.mockito.ResetMocksTestExecutionListener, org.springframework.boot.test.autoconfigure.restdocs.RestDocsTestExecutionListener, org.springframework.boot.test.autoconfigure.web.client.MockRestServiceServerResetTestExecutionListener, org.springframework.boot.test.autoconfigure.web.servlet.MockMvcPrintOnlyOnFailureTestExecutionListener, org.springframework.boot.test.autoconfigure.web.servlet.WebDriverTestExecutionListener, org.springframework.test.context.web.ServletTestExecutionListener, org.springframework.test.context.support.DirtiesContextBeforeModesTestExecutionListener, org.springframework.test.context.support.DependencyInjectionTestExecutionListener, org.springframework.test.context.support.DirtiesContextTestExecutionListener, org.springframework.test.context.transaction.TransactionalTestExecutionListener, org.springframework.test.context.jdbc.SqlScriptsTestExecutionListener]
20:56:50.255 [main] DEBUG org.springframework.boot.test.context.SpringBootTestContextBootstrapper - Skipping candidate TestExecutionListener [org.springframework.test.context.web.ServletTestExecutionListener] due to a missing dependency. Specify custom listener classes or make the default listener classes and their required dependencies available. Offending class: [javax/servlet/ServletContext]
20:56:50.307 [main] INFO org.springframework.boot.test.context.SpringBootTestContextBootstrapper - Using TestExecutionListeners: [org.springframework.test.context.support.DirtiesContextBeforeModesTestExecutionListener@2f7298b, org.springframework.boot.test.mock.mockito.MockitoTestExecutionListener@188715b5, org.springframework.boot.test.autoconfigure.SpringBootDependencyInjectionTestExecutionListener@1ea9f6af, org.springframework.test.context.support.DirtiesContextTestExecutionListener@6a192cfe, org.springframework.test.context.transaction.TransactionalTestExecutionListener@5119fb47, org.springframework.test.context.jdbc.SqlScriptsTestExecutionListener@7193666c, org.springframework.boot.test.mock.mockito.ResetMocksTestExecutionListener@20deea7f, org.springframework.boot.test.autoconfigure.restdocs.RestDocsTestExecutionListener@3835c46, org.springframework.boot.test.autoconfigure.web.client.MockRestServiceServerResetTestExecutionListener@1dde4cb2, org.springframework.boot.test.autoconfigure.web.servlet.MockMvcPrintOnlyOnFailureTestExecutionListener@7714e963, org.springframework.boot.test.autoconfigure.web.servlet.WebDriverTestExecutionListener@20ce78ec]
20:56:50.314 [main] DEBUG org.springframework.test.annotation.ProfileValueUtils - Retrieved @ProfileValueSourceConfiguration [null] for test class [com.challenge.SpringDmlApplicationTests]
20:56:50.335 [main] DEBUG org.springframework.test.annotation.ProfileValueUtils - Retrieved ProfileValueSource type [class org.springframework.test.annotation.SystemProfileValueSource] for class [com.challenge.SpringDmlApplicationTests]
20:56:50.349 [main] DEBUG org.springframework.test.annotation.ProfileValueUtils - Retrieved @ProfileValueSourceConfiguration [null] for test class [com.challenge.SpringDmlApplicationTests]
20:56:50.351 [main] DEBUG org.springframework.test.annotation.ProfileValueUtils - Retrieved ProfileValueSource type [class org.springframework.test.annotation.SystemProfileValueSource] for class [com.challenge.SpringDmlApplicationTests]
20:56:50.355 [main] DEBUG org.springframework.test.annotation.ProfileValueUtils - Retrieved @ProfileValueSourceConfiguration [null] for test class [com.challenge.SpringDmlApplicationTests]
20:56:50.355 [main] DEBUG org.springframework.test.annotation.ProfileValueUtils - Retrieved ProfileValueSource type [class org.springframework.test.annotation.SystemProfileValueSource] for class [com.challenge.SpringDmlApplicationTests]
20:56:50.388 [main] DEBUG org.springframework.test.context.support.AbstractDirtiesContextTestExecutionListener - Before test class: context [DefaultTestContext@6dc17b83 testClass = SpringDmlApplicationTests, testInstance = [null], testMethod = [null], testException = [null], mergedContextConfiguration = [MergedContextConfiguration@5e0826e7 testClass = SpringDmlApplicationTests, locations = '{}', classes = '{class com.challenge.SpringChallengeApplication}', contextInitializerClasses = '[]', activeProfiles = '{}', propertySourceLocations = '{}', propertySourceProperties = '{org.springframework.boot.test.context.SpringBootTestContextBootstrapper=true}', contextCustomizers = set[org.springframework.boot.test.context.filter.ExcludeFilterContextCustomizer@1786dec2, org.springframework.boot.test.json.DuplicateJsonObjectContextCustomizerFactory$DuplicateJsonObjectContextCustomizer@6acdbdf5, org.springframework.boot.test.mock.mockito.MockitoContextCustomizer@0, org.springframework.boot.test.web.client.TestRestTemplateContextCustomizer@30a3107a, org.springframework.boot.test.autoconfigure.properties.PropertyMappingContextCustomizer@0, org.springframework.boot.test.autoconfigure.web.servlet.WebDriverContextCustomizerFactory$Customizer@51e2adc7], contextLoader = 'org.springframework.boot.test.context.SpringBootContextLoader', parent = [null]], attributes = map[[empty]]], class annotated with @DirtiesContext [false] with mode [null].
20:56:50.408 [main] DEBUG org.springframework.test.annotation.ProfileValueUtils - Retrieved @ProfileValueSourceConfiguration [null] for test class [com.challenge.SpringDmlApplicationTests]
20:56:50.409 [main] DEBUG org.springframework.test.annotation.ProfileValueUtils - Retrieved ProfileValueSource type [class org.springframework.test.annotation.SystemProfileValueSource] for class [com.challenge.SpringDmlApplicationTests]
20:56:50.421 [main] DEBUG org.springframework.test.context.support.DependencyInjectionTestExecutionListener - Performing dependency injection for test context [[DefaultTestContext@6dc17b83 testClass = SpringDmlApplicationTests, testInstance = com.challenge.SpringDmlApplicationTests@a514af7, testMethod = [null], testException = [null], mergedContextConfiguration = [MergedContextConfiguration@5e0826e7 testClass = SpringDmlApplicationTests, locations = '{}', classes = '{class com.challenge.SpringChallengeApplication}', contextInitializerClasses = '[]', activeProfiles = '{}', propertySourceLocations = '{}', propertySourceProperties = '{org.springframework.boot.test.context.SpringBootTestContextBootstrapper=true}', contextCustomizers = set[org.springframework.boot.test.context.filter.ExcludeFilterContextCustomizer@1786dec2, org.springframework.boot.test.json.DuplicateJsonObjectContextCustomizerFactory$DuplicateJsonObjectContextCustomizer@6acdbdf5, org.springframework.boot.test.mock.mockito.MockitoContextCustomizer@0, org.springframework.boot.test.web.client.TestRestTemplateContextCustomizer@30a3107a, org.springframework.boot.test.autoconfigure.properties.PropertyMappingContextCustomizer@0, org.springframework.boot.test.autoconfigure.web.servlet.WebDriverContextCustomizerFactory$Customizer@51e2adc7], contextLoader = 'org.springframework.boot.test.context.SpringBootContextLoader', parent = [null]], attributes = map[[empty]]]].
20:56:50.463 [main] DEBUG org.springframework.test.context.support.TestPropertySourceUtils - Adding inlined properties to environment: {spring.jmx.enabled=false, org.springframework.boot.test.context.SpringBootTestContextBootstrapper=true, server.port=-1}

  .   ____          _            __ _ _
 /\\ / ___'_ __ _ _(_)_ __  __ _ \ \ \ \
( ( )\___ | '_ | '_| | '_ \/ _` | \ \ \ \
 \\/  ___)| |_)| | | | | || (_| |  ) ) ) )
  '  |____| .__|_| |_|_| |_\__, | / / / /
 =========|_|==============|___/=/_/_/_/
 :: Spring Boot ::        (v2.1.6.RELEASE)

2020-07-13 20:56:50.862  INFO 31313 --- [           main] com.challenge.SpringDmlApplicationTests  : Starting SpringDmlApplicationTests on MacBook-Pro-de-Samuel.local with PID 31313 (started by samuelsantos in /Users/samuelsantos/codenation/java-10)
2020-07-13 20:56:50.865  INFO 31313 --- [           main] com.challenge.SpringDmlApplicationTests  : No active profile set, falling back to default profiles: default
2020-07-13 20:56:51.596  INFO 31313 --- [           main] .s.d.r.c.RepositoryConfigurationDelegate : Bootstrapping Spring Data repositories in DEFAULT mode.
2020-07-13 20:56:51.759  INFO 31313 --- [           main] .s.d.r.c.RepositoryConfigurationDelegate : Finished Spring Data repository scanning in 151ms. Found 6 repository interfaces.
2020-07-13 20:56:52.682  INFO 31313 --- [           main] com.zaxxer.hikari.HikariDataSource       : HikariPool-1 - Starting...
2020-07-13 20:56:52.964  INFO 31313 --- [           main] com.zaxxer.hikari.HikariDataSource       : HikariPool-1 - Start completed.
2020-07-13 20:56:53.171  INFO 31313 --- [           main] o.hibernate.jpa.internal.util.LogHelper  : HHH000204: Processing PersistenceUnitInfo [
	name: default
	...]
2020-07-13 20:56:53.300  INFO 31313 --- [           main] org.hibernate.Version                    : HHH000412: Hibernate Core {5.3.10.Final}
2020-07-13 20:56:53.304  INFO 31313 --- [           main] org.hibernate.cfg.Environment            : HHH000206: hibernate.properties not found
2020-07-13 20:56:53.618  INFO 31313 --- [           main] o.hibernate.annotations.common.Version   : HCANN000001: Hibernate Commons Annotations {5.0.4.Final}
2020-07-13 20:56:53.878  INFO 31313 --- [           main] org.hibernate.dialect.Dialect            : HHH000400: Using dialect: org.hibernate.dialect.H2Dialect
Hibernate: drop table acceleration if exists
Hibernate: drop table candidate if exists
Hibernate: drop table challenge if exists
Hibernate: drop table company if exists
Hibernate: drop table submission if exists
Hibernate: drop table users if exists
Hibernate: create table acceleration (id bigint generated by default as identity, created_at timestamp, name varchar(255), slug varchar(255), challenge_id bigint, primary key (id))
Hibernate: create table candidate (created_at timestamp, status integer, user_id bigint not null, company_id bigint not null, acceleration_id bigint not null, primary key (acceleration_id, company_id, user_id))
Hibernate: create table challenge (id bigint generated by default as identity, created_at timestamp, name varchar(255), slug varchar(255), primary key (id))
Hibernate: create table company (id bigint generated by default as identity, created_at timestamp, name varchar(255), slug varchar(255), primary key (id))
Hibernate: create table submission (created_at timestamp, score float, user_id bigint not null, challenge_id bigint not null, primary key (challenge_id, user_id))
Hibernate: create table users (id bigint generated by default as identity, created_at timestamp, email varchar(255), full_name varchar(255), nickname varchar(255), password varchar(255), primary key (id))
Hibernate: alter table acceleration add constraint FK6bucejmky2hqhcmj6vexf9tkp foreign key (challenge_id) references challenge
Hibernate: alter table candidate add constraint FKc23nbdgfce6rnt56ofltvxu71 foreign key (user_id) references users
Hibernate: alter table candidate add constraint FK5859evebv1forwxno1dj2x73m foreign key (company_id) references company
Hibernate: alter table candidate add constraint FK9wdl31wkstau7n5wckm5prkdg foreign key (acceleration_id) references acceleration
Hibernate: alter table submission add constraint FKioe5xddu66v3aktrkyxj4vfx9 foreign key (user_id) references users
Hibernate: alter table submission add constraint FK5w6mihcq53t1j5x2cmgy640cm foreign key (challenge_id) references challenge
2020-07-13 20:56:55.231  INFO 31313 --- [           main] o.h.t.schema.internal.SchemaCreatorImpl  : HHH000476: Executing import script 'org.hibernate.tool.schema.internal.exec.ScriptSourceInputNonExistentImpl@7455dacb'
2020-07-13 20:56:55.259  INFO 31313 --- [           main] j.LocalContainerEntityManagerFactoryBean : Initialized JPA EntityManagerFactory for persistence unit 'default'
2020-07-13 20:56:55.911  INFO 31313 --- [           main] o.h.h.i.QueryTranslatorFactoryInitiator  : HHH000397: Using ASTQueryTranslatorFactory
2020-07-13 20:56:56.880  INFO 31313 --- [           main] com.challenge.SpringDmlApplicationTests  : Started SpringDmlApplicationTests in 6.414 seconds (JVM running for 7.905)
[INFO] Tests run: 1, Failures: 0, Errors: 0, Skipped: 0, Time elapsed: 7.618 s - in com.challenge.SpringDmlApplicationTests
[INFO] Running com.challenge.suite.CompanyServiceTest
2020-07-13 20:56:56.982  INFO 31313 --- [           main] .b.t.c.SpringBootTestContextBootstrapper : Neither @ContextConfiguration nor @ContextHierarchy found for test class [com.challenge.suite.CompanyServiceTest], using SpringBootContextLoader
2020-07-13 20:56:56.983  INFO 31313 --- [           main] o.s.t.c.support.AbstractContextLoader    : Could not detect default resource locations for test class [com.challenge.suite.CompanyServiceTest]: no resource found for suffixes {-context.xml, Context.groovy}.
2020-07-13 20:56:56.983  INFO 31313 --- [           main] t.c.s.AnnotationConfigContextLoaderUtils : Could not detect default configuration classes for test class [com.challenge.suite.CompanyServiceTest]: CompanyServiceTest does not declare any static, non-private, non-final, nested classes annotated with @Configuration.
2020-07-13 20:56:57.076  INFO 31313 --- [           main] .b.t.c.SpringBootTestContextBootstrapper : Found @SpringBootConfiguration com.challenge.SpringChallengeApplication for test class com.challenge.suite.CompanyServiceTest
2020-07-13 20:56:57.097  INFO 31313 --- [           main] .b.t.c.SpringBootTestContextBootstrapper : Loaded default TestExecutionListener class names from location [META-INF/spring.factories]: [org.springframework.boot.test.mock.mockito.MockitoTestExecutionListener, org.springframework.boot.test.mock.mockito.ResetMocksTestExecutionListener, org.springframework.boot.test.autoconfigure.restdocs.RestDocsTestExecutionListener, org.springframework.boot.test.autoconfigure.web.client.MockRestServiceServerResetTestExecutionListener, org.springframework.boot.test.autoconfigure.web.servlet.MockMvcPrintOnlyOnFailureTestExecutionListener, org.springframework.boot.test.autoconfigure.web.servlet.WebDriverTestExecutionListener, org.springframework.test.context.web.ServletTestExecutionListener, org.springframework.test.context.support.DirtiesContextBeforeModesTestExecutionListener, org.springframework.test.context.support.DependencyInjectionTestExecutionListener, org.springframework.test.context.support.DirtiesContextTestExecutionListener, org.springframework.test.context.transaction.TransactionalTestExecutionListener, org.springframework.test.context.jdbc.SqlScriptsTestExecutionListener]
2020-07-13 20:56:57.104  INFO 31313 --- [           main] .b.t.c.SpringBootTestContextBootstrapper : Using TestExecutionListeners: [org.springframework.test.context.support.DirtiesContextBeforeModesTestExecutionListener@448cdb47, org.springframework.boot.test.mock.mockito.MockitoTestExecutionListener@4628a02b, org.springframework.boot.test.autoconfigure.SpringBootDependencyInjectionTestExecutionListener@2b01c689, org.springframework.test.context.support.DirtiesContextTestExecutionListener@51424203, org.springframework.test.context.transaction.TransactionalTestExecutionListener@7336fd8f, org.springframework.test.context.jdbc.SqlScriptsTestExecutionListener@701c223a, org.springframework.boot.test.mock.mockito.ResetMocksTestExecutionListener@550c973e, org.springframework.boot.test.autoconfigure.restdocs.RestDocsTestExecutionListener@161d95c6, org.springframework.boot.test.autoconfigure.web.client.MockRestServiceServerResetTestExecutionListener@5203c80f, org.springframework.boot.test.autoconfigure.web.servlet.MockMvcPrintOnlyOnFailureTestExecutionListener@439f2d87, org.springframework.boot.test.autoconfigure.web.servlet.WebDriverTestExecutionListener@721bf7ad]
2020-07-13 20:56:57.151  INFO 31313 --- [           main] o.s.t.c.transaction.TransactionContext   : Began transaction (1) for test context [DefaultTestContext@6fe04f2a testClass = CompanyServiceTest, testInstance = com.challenge.suite.CompanyServiceTest@1f758e4f, testMethod = whenFindById@CompanyServiceTest, testException = [null], mergedContextConfiguration = [MergedContextConfiguration@733534f9 testClass = CompanyServiceTest, locations = '{}', classes = '{class com.challenge.SpringChallengeApplication}', contextInitializerClasses = '[]', activeProfiles = '{}', propertySourceLocations = '{}', propertySourceProperties = '{org.springframework.boot.test.context.SpringBootTestContextBootstrapper=true}', contextCustomizers = set[org.springframework.boot.test.context.filter.ExcludeFilterContextCustomizer@1786dec2, org.springframework.boot.test.json.DuplicateJsonObjectContextCustomizerFactory$DuplicateJsonObjectContextCustomizer@6acdbdf5, org.springframework.boot.test.mock.mockito.MockitoContextCustomizer@0, org.springframework.boot.test.web.client.TestRestTemplateContextCustomizer@30a3107a, org.springframework.boot.test.autoconfigure.properties.PropertyMappingContextCustomizer@0, org.springframework.boot.test.autoconfigure.web.servlet.WebDriverContextCustomizerFactory$Customizer@51e2adc7], contextLoader = 'org.springframework.boot.test.context.SpringBootContextLoader', parent = [null]], attributes = map[[empty]]]; transaction manager [org.springframework.orm.jpa.JpaTransactionManager@22f8adc2]; rollback [true]
Hibernate: select company0_.id as id1_3_0_, company0_.created_at as created_2_3_0_, company0_.name as name3_3_0_, company0_.slug as slug4_3_0_ from company company0_ where company0_.id=?
2020-07-13 20:56:57.386  INFO 31313 --- [           main] o.s.t.c.transaction.TransactionContext   : Rolled back transaction for test: [DefaultTestContext@6fe04f2a testClass = CompanyServiceTest, testInstance = com.challenge.suite.CompanyServiceTest@1f758e4f, testMethod = whenFindById@CompanyServiceTest, testException = [null], mergedContextConfiguration = [MergedContextConfiguration@733534f9 testClass = CompanyServiceTest, locations = '{}', classes = '{class com.challenge.SpringChallengeApplication}', contextInitializerClasses = '[]', activeProfiles = '{}', propertySourceLocations = '{}', propertySourceProperties = '{org.springframework.boot.test.context.SpringBootTestContextBootstrapper=true}', contextCustomizers = set[org.springframework.boot.test.context.filter.ExcludeFilterContextCustomizer@1786dec2, org.springframework.boot.test.json.DuplicateJsonObjectContextCustomizerFactory$DuplicateJsonObjectContextCustomizer@6acdbdf5, org.springframework.boot.test.mock.mockito.MockitoContextCustomizer@0, org.springframework.boot.test.web.client.TestRestTemplateContextCustomizer@30a3107a, org.springframework.boot.test.autoconfigure.properties.PropertyMappingContextCustomizer@0, org.springframework.boot.test.autoconfigure.web.servlet.WebDriverContextCustomizerFactory$Customizer@51e2adc7], contextLoader = 'org.springframework.boot.test.context.SpringBootContextLoader', parent = [null]], attributes = map[[empty]]]
2020-07-13 20:56:57.394  INFO 31313 --- [           main] o.s.t.c.transaction.TransactionContext   : Began transaction (1) for test context [DefaultTestContext@6fe04f2a testClass = CompanyServiceTest, testInstance = com.challenge.suite.CompanyServiceTest@5773d271, testMethod = whenFindByAccelerationId@CompanyServiceTest, testException = [null], mergedContextConfiguration = [MergedContextConfiguration@733534f9 testClass = CompanyServiceTest, locations = '{}', classes = '{class com.challenge.SpringChallengeApplication}', contextInitializerClasses = '[]', activeProfiles = '{}', propertySourceLocations = '{}', propertySourceProperties = '{org.springframework.boot.test.context.SpringBootTestContextBootstrapper=true}', contextCustomizers = set[org.springframework.boot.test.context.filter.ExcludeFilterContextCustomizer@1786dec2, org.springframework.boot.test.json.DuplicateJsonObjectContextCustomizerFactory$DuplicateJsonObjectContextCustomizer@6acdbdf5, org.springframework.boot.test.mock.mockito.MockitoContextCustomizer@0, org.springframework.boot.test.web.client.TestRestTemplateContextCustomizer@30a3107a, org.springframework.boot.test.autoconfigure.properties.PropertyMappingContextCustomizer@0, org.springframework.boot.test.autoconfigure.web.servlet.WebDriverContextCustomizerFactory$Customizer@51e2adc7], contextLoader = 'org.springframework.boot.test.context.SpringBootContextLoader', parent = [null]], attributes = map[[empty]]]; transaction manager [org.springframework.orm.jpa.JpaTransactionManager@22f8adc2]; rollback [true]
Hibernate: select distinct company0_.id as id1_3_, company0_.created_at as created_2_3_, company0_.name as name3_3_, company0_.slug as slug4_3_ from company company0_ inner join candidate candidates1_ on company0_.id=candidates1_.company_id where candidates1_.acceleration_id=?
2020-07-13 20:56:57.568  INFO 31313 --- [           main] o.s.t.c.transaction.TransactionContext   : Rolled back transaction for test: [DefaultTestContext@6fe04f2a testClass = CompanyServiceTest, testInstance = com.challenge.suite.CompanyServiceTest@5773d271, testMethod = whenFindByAccelerationId@CompanyServiceTest, testException = [null], mergedContextConfiguration = [MergedContextConfiguration@733534f9 testClass = CompanyServiceTest, locations = '{}', classes = '{class com.challenge.SpringChallengeApplication}', contextInitializerClasses = '[]', activeProfiles = '{}', propertySourceLocations = '{}', propertySourceProperties = '{org.springframework.boot.test.context.SpringBootTestContextBootstrapper=true}', contextCustomizers = set[org.springframework.boot.test.context.filter.ExcludeFilterContextCustomizer@1786dec2, org.springframework.boot.test.json.DuplicateJsonObjectContextCustomizerFactory$DuplicateJsonObjectContextCustomizer@6acdbdf5, org.springframework.boot.test.mock.mockito.MockitoContextCustomizer@0, org.springframework.boot.test.web.client.TestRestTemplateContextCustomizer@30a3107a, org.springframework.boot.test.autoconfigure.properties.PropertyMappingContextCustomizer@0, org.springframework.boot.test.autoconfigure.web.servlet.WebDriverContextCustomizerFactory$Customizer@51e2adc7], contextLoader = 'org.springframework.boot.test.context.SpringBootContextLoader', parent = [null]], attributes = map[[empty]]]
2020-07-13 20:56:57.586  INFO 31313 --- [           main] o.s.t.c.transaction.TransactionContext   : Began transaction (1) for test context [DefaultTestContext@6fe04f2a testClass = CompanyServiceTest, testInstance = com.challenge.suite.CompanyServiceTest@67e77f52, testMethod = whenFindByIdThenNotFound@CompanyServiceTest, testException = [null], mergedContextConfiguration = [MergedContextConfiguration@733534f9 testClass = CompanyServiceTest, locations = '{}', classes = '{class com.challenge.SpringChallengeApplication}', contextInitializerClasses = '[]', activeProfiles = '{}', propertySourceLocations = '{}', propertySourceProperties = '{org.springframework.boot.test.context.SpringBootTestContextBootstrapper=true}', contextCustomizers = set[org.springframework.boot.test.context.filter.ExcludeFilterContextCustomizer@1786dec2, org.springframework.boot.test.json.DuplicateJsonObjectContextCustomizerFactory$DuplicateJsonObjectContextCustomizer@6acdbdf5, org.springframework.boot.test.mock.mockito.MockitoContextCustomizer@0, org.springframework.boot.test.web.client.TestRestTemplateContextCustomizer@30a3107a, org.springframework.boot.test.autoconfigure.properties.PropertyMappingContextCustomizer@0, org.springframework.boot.test.autoconfigure.web.servlet.WebDriverContextCustomizerFactory$Customizer@51e2adc7], contextLoader = 'org.springframework.boot.test.context.SpringBootContextLoader', parent = [null]], attributes = map[[empty]]]; transaction manager [org.springframework.orm.jpa.JpaTransactionManager@22f8adc2]; rollback [true]
Hibernate: select company0_.id as id1_3_0_, company0_.created_at as created_2_3_0_, company0_.name as name3_3_0_, company0_.slug as slug4_3_0_ from company company0_ where company0_.id=?
2020-07-13 20:56:57.653  INFO 31313 --- [           main] o.s.t.c.transaction.TransactionContext   : Rolled back transaction for test: [DefaultTestContext@6fe04f2a testClass = CompanyServiceTest, testInstance = com.challenge.suite.CompanyServiceTest@67e77f52, testMethod = whenFindByIdThenNotFound@CompanyServiceTest, testException = [null], mergedContextConfiguration = [MergedContextConfiguration@733534f9 testClass = CompanyServiceTest, locations = '{}', classes = '{class com.challenge.SpringChallengeApplication}', contextInitializerClasses = '[]', activeProfiles = '{}', propertySourceLocations = '{}', propertySourceProperties = '{org.springframework.boot.test.context.SpringBootTestContextBootstrapper=true}', contextCustomizers = set[org.springframework.boot.test.context.filter.ExcludeFilterContextCustomizer@1786dec2, org.springframework.boot.test.json.DuplicateJsonObjectContextCustomizerFactory$DuplicateJsonObjectContextCustomizer@6acdbdf5, org.springframework.boot.test.mock.mockito.MockitoContextCustomizer@0, org.springframework.boot.test.web.client.TestRestTemplateContextCustomizer@30a3107a, org.springframework.boot.test.autoconfigure.properties.PropertyMappingContextCustomizer@0, org.springframework.boot.test.autoconfigure.web.servlet.WebDriverContextCustomizerFactory$Customizer@51e2adc7], contextLoader = 'org.springframework.boot.test.context.SpringBootContextLoader', parent = [null]], attributes = map[[empty]]]
2020-07-13 20:56:57.680  INFO 31313 --- [           main] o.s.t.c.transaction.TransactionContext   : Began transaction (1) for test context [DefaultTestContext@6fe04f2a testClass = CompanyServiceTest, testInstance = com.challenge.suite.CompanyServiceTest@4d43a1b7, testMethod = whenFindByUserId@CompanyServiceTest, testException = [null], mergedContextConfiguration = [MergedContextConfiguration@733534f9 testClass = CompanyServiceTest, locations = '{}', classes = '{class com.challenge.SpringChallengeApplication}', contextInitializerClasses = '[]', activeProfiles = '{}', propertySourceLocations = '{}', propertySourceProperties = '{org.springframework.boot.test.context.SpringBootTestContextBootstrapper=true}', contextCustomizers = set[org.springframework.boot.test.context.filter.ExcludeFilterContextCustomizer@1786dec2, org.springframework.boot.test.json.DuplicateJsonObjectContextCustomizerFactory$DuplicateJsonObjectContextCustomizer@6acdbdf5, org.springframework.boot.test.mock.mockito.MockitoContextCustomizer@0, org.springframework.boot.test.web.client.TestRestTemplateContextCustomizer@30a3107a, org.springframework.boot.test.autoconfigure.properties.PropertyMappingContextCustomizer@0, org.springframework.boot.test.autoconfigure.web.servlet.WebDriverContextCustomizerFactory$Customizer@51e2adc7], contextLoader = 'org.springframework.boot.test.context.SpringBootContextLoader', parent = [null]], attributes = map[[empty]]]; transaction manager [org.springframework.orm.jpa.JpaTransactionManager@22f8adc2]; rollback [true]
Hibernate: select company0_.id as id1_3_, company0_.created_at as created_2_3_, company0_.name as name3_3_, company0_.slug as slug4_3_ from company company0_ inner join candidate candidates1_ on company0_.id=candidates1_.company_id where candidates1_.user_id=?
2020-07-13 20:56:57.782  INFO 31313 --- [           main] o.s.t.c.transaction.TransactionContext   : Rolled back transaction for test: [DefaultTestContext@6fe04f2a testClass = CompanyServiceTest, testInstance = com.challenge.suite.CompanyServiceTest@4d43a1b7, testMethod = whenFindByUserId@CompanyServiceTest, testException = [null], mergedContextConfiguration = [MergedContextConfiguration@733534f9 testClass = CompanyServiceTest, locations = '{}', classes = '{class com.challenge.SpringChallengeApplication}', contextInitializerClasses = '[]', activeProfiles = '{}', propertySourceLocations = '{}', propertySourceProperties = '{org.springframework.boot.test.context.SpringBootTestContextBootstrapper=true}', contextCustomizers = set[org.springframework.boot.test.context.filter.ExcludeFilterContextCustomizer@1786dec2, org.springframework.boot.test.json.DuplicateJsonObjectContextCustomizerFactory$DuplicateJsonObjectContextCustomizer@6acdbdf5, org.springframework.boot.test.mock.mockito.MockitoContextCustomizer@0, org.springframework.boot.test.web.client.TestRestTemplateContextCustomizer@30a3107a, org.springframework.boot.test.autoconfigure.properties.PropertyMappingContextCustomizer@0, org.springframework.boot.test.autoconfigure.web.servlet.WebDriverContextCustomizerFactory$Customizer@51e2adc7], contextLoader = 'org.springframework.boot.test.context.SpringBootContextLoader', parent = [null]], attributes = map[[empty]]]
[INFO] Tests run: 4, Failures: 0, Errors: 0, Skipped: 0, Time elapsed: 0.766 s - in com.challenge.suite.CompanyServiceTest
[INFO] Running com.challenge.suite.UserServiceTest
2020-07-13 20:56:57.792  INFO 31313 --- [           main] .b.t.c.SpringBootTestContextBootstrapper : Neither @ContextConfiguration nor @ContextHierarchy found for test class [com.challenge.suite.UserServiceTest], using SpringBootContextLoader
2020-07-13 20:56:57.797  INFO 31313 --- [           main] o.s.t.c.support.AbstractContextLoader    : Could not detect default resource locations for test class [com.challenge.suite.UserServiceTest]: no resource found for suffixes {-context.xml, Context.groovy}.
2020-07-13 20:56:57.811  INFO 31313 --- [           main] t.c.s.AnnotationConfigContextLoaderUtils : Could not detect default configuration classes for test class [com.challenge.suite.UserServiceTest]: UserServiceTest does not declare any static, non-private, non-final, nested classes annotated with @Configuration.
2020-07-13 20:56:57.820  INFO 31313 --- [           main] .b.t.c.SpringBootTestContextBootstrapper : Found @SpringBootConfiguration com.challenge.SpringChallengeApplication for test class com.challenge.suite.UserServiceTest
2020-07-13 20:56:57.832  INFO 31313 --- [           main] .b.t.c.SpringBootTestContextBootstrapper : Loaded default TestExecutionListener class names from location [META-INF/spring.factories]: [org.springframework.boot.test.mock.mockito.MockitoTestExecutionListener, org.springframework.boot.test.mock.mockito.ResetMocksTestExecutionListener, org.springframework.boot.test.autoconfigure.restdocs.RestDocsTestExecutionListener, org.springframework.boot.test.autoconfigure.web.client.MockRestServiceServerResetTestExecutionListener, org.springframework.boot.test.autoconfigure.web.servlet.MockMvcPrintOnlyOnFailureTestExecutionListener, org.springframework.boot.test.autoconfigure.web.servlet.WebDriverTestExecutionListener, org.springframework.test.context.web.ServletTestExecutionListener, org.springframework.test.context.support.DirtiesContextBeforeModesTestExecutionListener, org.springframework.test.context.support.DependencyInjectionTestExecutionListener, org.springframework.test.context.support.DirtiesContextTestExecutionListener, org.springframework.test.context.transaction.TransactionalTestExecutionListener, org.springframework.test.context.jdbc.SqlScriptsTestExecutionListener]
2020-07-13 20:56:57.834  INFO 31313 --- [           main] .b.t.c.SpringBootTestContextBootstrapper : Using TestExecutionListeners: [org.springframework.test.context.support.DirtiesContextBeforeModesTestExecutionListener@43e3a390, org.springframework.boot.test.mock.mockito.MockitoTestExecutionListener@44aa91e2, org.springframework.boot.test.autoconfigure.SpringBootDependencyInjectionTestExecutionListener@50dc49e1, org.springframework.test.context.support.DirtiesContextTestExecutionListener@650a1aff, org.springframework.test.context.transaction.TransactionalTestExecutionListener@3babcaed, org.springframework.test.context.jdbc.SqlScriptsTestExecutionListener@2b9e69fb, org.springframework.boot.test.mock.mockito.ResetMocksTestExecutionListener@19bfbe28, org.springframework.boot.test.autoconfigure.restdocs.RestDocsTestExecutionListener@2c579202, org.springframework.boot.test.autoconfigure.web.client.MockRestServiceServerResetTestExecutionListener@49ced9c7, org.springframework.boot.test.autoconfigure.web.servlet.MockMvcPrintOnlyOnFailureTestExecutionListener@11c7a0b4, org.springframework.boot.test.autoconfigure.web.servlet.WebDriverTestExecutionListener@75ed125a]
2020-07-13 20:56:57.859  INFO 31313 --- [           main] o.s.t.c.transaction.TransactionContext   : Began transaction (1) for test context [DefaultTestContext@5a85b4e6 testClass = UserServiceTest, testInstance = com.challenge.suite.UserServiceTest@766b6d02, testMethod = whenFindByCompanyId@UserServiceTest, testException = [null], mergedContextConfiguration = [MergedContextConfiguration@6b09ce57 testClass = UserServiceTest, locations = '{}', classes = '{class com.challenge.SpringChallengeApplication}', contextInitializerClasses = '[]', activeProfiles = '{}', propertySourceLocations = '{}', propertySourceProperties = '{org.springframework.boot.test.context.SpringBootTestContextBootstrapper=true}', contextCustomizers = set[org.springframework.boot.test.context.filter.ExcludeFilterContextCustomizer@1786dec2, org.springframework.boot.test.json.DuplicateJsonObjectContextCustomizerFactory$DuplicateJsonObjectContextCustomizer@6acdbdf5, org.springframework.boot.test.mock.mockito.MockitoContextCustomizer@0, org.springframework.boot.test.web.client.TestRestTemplateContextCustomizer@30a3107a, org.springframework.boot.test.autoconfigure.properties.PropertyMappingContextCustomizer@0, org.springframework.boot.test.autoconfigure.web.servlet.WebDriverContextCustomizerFactory$Customizer@51e2adc7], contextLoader = 'org.springframework.boot.test.context.SpringBootContextLoader', parent = [null]], attributes = map[[empty]]]; transaction manager [org.springframework.orm.jpa.JpaTransactionManager@22f8adc2]; rollback [true]
Hibernate: select user0_.id as id1_5_0_, candidates1_.acceleration_id as accelera5_1_1_, candidates1_.company_id as company_4_1_1_, candidates1_.user_id as user_id3_1_1_, user0_.created_at as created_2_5_0_, user0_.email as email3_5_0_, user0_.full_name as full_nam4_5_0_, user0_.nickname as nickname5_5_0_, user0_.password as password6_5_0_, candidates1_.created_at as created_1_1_1_, candidates1_.status as status2_1_1_ from users user0_ inner join candidate candidates1_ on user0_.id=candidates1_.user_id where candidates1_.company_id=?
Hibernate: select accelerati0_.id as id1_0_0_, accelerati0_.challenge_id as challeng5_0_0_, accelerati0_.created_at as created_2_0_0_, accelerati0_.name as name3_0_0_, accelerati0_.slug as slug4_0_0_, challenge1_.id as id1_2_1_, challenge1_.created_at as created_2_2_1_, challenge1_.name as name3_2_1_, challenge1_.slug as slug4_2_1_ from acceleration accelerati0_ left outer join challenge challenge1_ on accelerati0_.challenge_id=challenge1_.id where accelerati0_.id=?
Hibernate: select company0_.id as id1_3_0_, company0_.created_at as created_2_3_0_, company0_.name as name3_3_0_, company0_.slug as slug4_3_0_ from company company0_ where company0_.id=?
Hibernate: select user0_.id as id1_5_0_, user0_.created_at as created_2_5_0_, user0_.email as email3_5_0_, user0_.full_name as full_nam4_5_0_, user0_.nickname as nickname5_5_0_, user0_.password as password6_5_0_ from users user0_ where user0_.id=?
Hibernate: select user0_.id as id1_5_0_, user0_.created_at as created_2_5_0_, user0_.email as email3_5_0_, user0_.full_name as full_nam4_5_0_, user0_.nickname as nickname5_5_0_, user0_.password as password6_5_0_ from users user0_ where user0_.id=?
Hibernate: select user0_.id as id1_5_0_, user0_.created_at as created_2_5_0_, user0_.email as email3_5_0_, user0_.full_name as full_nam4_5_0_, user0_.nickname as nickname5_5_0_, user0_.password as password6_5_0_ from users user0_ where user0_.id=?
2020-07-13 20:56:57.978  INFO 31313 --- [           main] o.s.t.c.transaction.TransactionContext   : Rolled back transaction for test: [DefaultTestContext@5a85b4e6 testClass = UserServiceTest, testInstance = com.challenge.suite.UserServiceTest@766b6d02, testMethod = whenFindByCompanyId@UserServiceTest, testException = [null], mergedContextConfiguration = [MergedContextConfiguration@6b09ce57 testClass = UserServiceTest, locations = '{}', classes = '{class com.challenge.SpringChallengeApplication}', contextInitializerClasses = '[]', activeProfiles = '{}', propertySourceLocations = '{}', propertySourceProperties = '{org.springframework.boot.test.context.SpringBootTestContextBootstrapper=true}', contextCustomizers = set[org.springframework.boot.test.context.filter.ExcludeFilterContextCustomizer@1786dec2, org.springframework.boot.test.json.DuplicateJsonObjectContextCustomizerFactory$DuplicateJsonObjectContextCustomizer@6acdbdf5, org.springframework.boot.test.mock.mockito.MockitoContextCustomizer@0, org.springframework.boot.test.web.client.TestRestTemplateContextCustomizer@30a3107a, org.springframework.boot.test.autoconfigure.properties.PropertyMappingContextCustomizer@0, org.springframework.boot.test.autoconfigure.web.servlet.WebDriverContextCustomizerFactory$Customizer@51e2adc7], contextLoader = 'org.springframework.boot.test.context.SpringBootContextLoader', parent = [null]], attributes = map[[empty]]]
2020-07-13 20:56:57.997  INFO 31313 --- [           main] o.s.t.c.transaction.TransactionContext   : Began transaction (1) for test context [DefaultTestContext@5a85b4e6 testClass = UserServiceTest, testInstance = com.challenge.suite.UserServiceTest@3c28181b, testMethod = whenFindById@UserServiceTest, testException = [null], mergedContextConfiguration = [MergedContextConfiguration@6b09ce57 testClass = UserServiceTest, locations = '{}', classes = '{class com.challenge.SpringChallengeApplication}', contextInitializerClasses = '[]', activeProfiles = '{}', propertySourceLocations = '{}', propertySourceProperties = '{org.springframework.boot.test.context.SpringBootTestContextBootstrapper=true}', contextCustomizers = set[org.springframework.boot.test.context.filter.ExcludeFilterContextCustomizer@1786dec2, org.springframework.boot.test.json.DuplicateJsonObjectContextCustomizerFactory$DuplicateJsonObjectContextCustomizer@6acdbdf5, org.springframework.boot.test.mock.mockito.MockitoContextCustomizer@0, org.springframework.boot.test.web.client.TestRestTemplateContextCustomizer@30a3107a, org.springframework.boot.test.autoconfigure.properties.PropertyMappingContextCustomizer@0, org.springframework.boot.test.autoconfigure.web.servlet.WebDriverContextCustomizerFactory$Customizer@51e2adc7], contextLoader = 'org.springframework.boot.test.context.SpringBootContextLoader', parent = [null]], attributes = map[[empty]]]; transaction manager [org.springframework.orm.jpa.JpaTransactionManager@22f8adc2]; rollback [true]
Hibernate: select user0_.id as id1_5_0_, user0_.created_at as created_2_5_0_, user0_.email as email3_5_0_, user0_.full_name as full_nam4_5_0_, user0_.nickname as nickname5_5_0_, user0_.password as password6_5_0_ from users user0_ where user0_.id=?
2020-07-13 20:56:58.062  INFO 31313 --- [           main] o.s.t.c.transaction.TransactionContext   : Rolled back transaction for test: [DefaultTestContext@5a85b4e6 testClass = UserServiceTest, testInstance = com.challenge.suite.UserServiceTest@3c28181b, testMethod = whenFindById@UserServiceTest, testException = [null], mergedContextConfiguration = [MergedContextConfiguration@6b09ce57 testClass = UserServiceTest, locations = '{}', classes = '{class com.challenge.SpringChallengeApplication}', contextInitializerClasses = '[]', activeProfiles = '{}', propertySourceLocations = '{}', propertySourceProperties = '{org.springframework.boot.test.context.SpringBootTestContextBootstrapper=true}', contextCustomizers = set[org.springframework.boot.test.context.filter.ExcludeFilterContextCustomizer@1786dec2, org.springframework.boot.test.json.DuplicateJsonObjectContextCustomizerFactory$DuplicateJsonObjectContextCustomizer@6acdbdf5, org.springframework.boot.test.mock.mockito.MockitoContextCustomizer@0, org.springframework.boot.test.web.client.TestRestTemplateContextCustomizer@30a3107a, org.springframework.boot.test.autoconfigure.properties.PropertyMappingContextCustomizer@0, org.springframework.boot.test.autoconfigure.web.servlet.WebDriverContextCustomizerFactory$Customizer@51e2adc7], contextLoader = 'org.springframework.boot.test.context.SpringBootContextLoader', parent = [null]], attributes = map[[empty]]]
2020-07-13 20:56:58.065  INFO 31313 --- [           main] o.s.t.c.transaction.TransactionContext   : Began transaction (1) for test context [DefaultTestContext@5a85b4e6 testClass = UserServiceTest, testInstance = com.challenge.suite.UserServiceTest@5e98032e, testMethod = whenFindByAccelerationName@UserServiceTest, testException = [null], mergedContextConfiguration = [MergedContextConfiguration@6b09ce57 testClass = UserServiceTest, locations = '{}', classes = '{class com.challenge.SpringChallengeApplication}', contextInitializerClasses = '[]', activeProfiles = '{}', propertySourceLocations = '{}', propertySourceProperties = '{org.springframework.boot.test.context.SpringBootTestContextBootstrapper=true}', contextCustomizers = set[org.springframework.boot.test.context.filter.ExcludeFilterContextCustomizer@1786dec2, org.springframework.boot.test.json.DuplicateJsonObjectContextCustomizerFactory$DuplicateJsonObjectContextCustomizer@6acdbdf5, org.springframework.boot.test.mock.mockito.MockitoContextCustomizer@0, org.springframework.boot.test.web.client.TestRestTemplateContextCustomizer@30a3107a, org.springframework.boot.test.autoconfigure.properties.PropertyMappingContextCustomizer@0, org.springframework.boot.test.autoconfigure.web.servlet.WebDriverContextCustomizerFactory$Customizer@51e2adc7], contextLoader = 'org.springframework.boot.test.context.SpringBootContextLoader', parent = [null]], attributes = map[[empty]]]; transaction manager [org.springframework.orm.jpa.JpaTransactionManager@22f8adc2]; rollback [true]
Hibernate: select user0_.id as id1_5_0_, candidates1_.acceleration_id as accelera5_1_1_, candidates1_.company_id as company_4_1_1_, candidates1_.user_id as user_id3_1_1_, user0_.created_at as created_2_5_0_, user0_.email as email3_5_0_, user0_.full_name as full_nam4_5_0_, user0_.nickname as nickname5_5_0_, user0_.password as password6_5_0_, candidates1_.created_at as created_1_1_1_, candidates1_.status as status2_1_1_ from users user0_ inner join candidate candidates1_ on user0_.id=candidates1_.user_id cross join acceleration accelerati2_ where candidates1_.acceleration_id=accelerati2_.id and accelerati2_.name=?
Hibernate: select accelerati0_.id as id1_0_0_, accelerati0_.challenge_id as challeng5_0_0_, accelerati0_.created_at as created_2_0_0_, accelerati0_.name as name3_0_0_, accelerati0_.slug as slug4_0_0_, challenge1_.id as id1_2_1_, challenge1_.created_at as created_2_2_1_, challenge1_.name as name3_2_1_, challenge1_.slug as slug4_2_1_ from acceleration accelerati0_ left outer join challenge challenge1_ on accelerati0_.challenge_id=challenge1_.id where accelerati0_.id=?
Hibernate: select company0_.id as id1_3_0_, company0_.created_at as created_2_3_0_, company0_.name as name3_3_0_, company0_.slug as slug4_3_0_ from company company0_ where company0_.id=?
Hibernate: select user0_.id as id1_5_0_, user0_.created_at as created_2_5_0_, user0_.email as email3_5_0_, user0_.full_name as full_nam4_5_0_, user0_.nickname as nickname5_5_0_, user0_.password as password6_5_0_ from users user0_ where user0_.id=?
Hibernate: select user0_.id as id1_5_0_, user0_.created_at as created_2_5_0_, user0_.email as email3_5_0_, user0_.full_name as full_nam4_5_0_, user0_.nickname as nickname5_5_0_, user0_.password as password6_5_0_ from users user0_ where user0_.id=?
Hibernate: select user0_.id as id1_5_0_, user0_.created_at as created_2_5_0_, user0_.email as email3_5_0_, user0_.full_name as full_nam4_5_0_, user0_.nickname as nickname5_5_0_, user0_.password as password6_5_0_ from users user0_ where user0_.id=?
2020-07-13 20:56:58.182  INFO 31313 --- [           main] o.s.t.c.transaction.TransactionContext   : Rolled back transaction for test: [DefaultTestContext@5a85b4e6 testClass = UserServiceTest, testInstance = com.challenge.suite.UserServiceTest@5e98032e, testMethod = whenFindByAccelerationName@UserServiceTest, testException = [null], mergedContextConfiguration = [MergedContextConfiguration@6b09ce57 testClass = UserServiceTest, locations = '{}', classes = '{class com.challenge.SpringChallengeApplication}', contextInitializerClasses = '[]', activeProfiles = '{}', propertySourceLocations = '{}', propertySourceProperties = '{org.springframework.boot.test.context.SpringBootTestContextBootstrapper=true}', contextCustomizers = set[org.springframework.boot.test.context.filter.ExcludeFilterContextCustomizer@1786dec2, org.springframework.boot.test.json.DuplicateJsonObjectContextCustomizerFactory$DuplicateJsonObjectContextCustomizer@6acdbdf5, org.springframework.boot.test.mock.mockito.MockitoContextCustomizer@0, org.springframework.boot.test.web.client.TestRestTemplateContextCustomizer@30a3107a, org.springframework.boot.test.autoconfigure.properties.PropertyMappingContextCustomizer@0, org.springframework.boot.test.autoconfigure.web.servlet.WebDriverContextCustomizerFactory$Customizer@51e2adc7], contextLoader = 'org.springframework.boot.test.context.SpringBootContextLoader', parent = [null]], attributes = map[[empty]]]
2020-07-13 20:56:58.200  INFO 31313 --- [           main] o.s.t.c.transaction.TransactionContext   : Began transaction (1) for test context [DefaultTestContext@5a85b4e6 testClass = UserServiceTest, testInstance = com.challenge.suite.UserServiceTest@1de7f898, testMethod = whenSave@UserServiceTest, testException = [null], mergedContextConfiguration = [MergedContextConfiguration@6b09ce57 testClass = UserServiceTest, locations = '{}', classes = '{class com.challenge.SpringChallengeApplication}', contextInitializerClasses = '[]', activeProfiles = '{}', propertySourceLocations = '{}', propertySourceProperties = '{org.springframework.boot.test.context.SpringBootTestContextBootstrapper=true}', contextCustomizers = set[org.springframework.boot.test.context.filter.ExcludeFilterContextCustomizer@1786dec2, org.springframework.boot.test.json.DuplicateJsonObjectContextCustomizerFactory$DuplicateJsonObjectContextCustomizer@6acdbdf5, org.springframework.boot.test.mock.mockito.MockitoContextCustomizer@0, org.springframework.boot.test.web.client.TestRestTemplateContextCustomizer@30a3107a, org.springframework.boot.test.autoconfigure.properties.PropertyMappingContextCustomizer@0, org.springframework.boot.test.autoconfigure.web.servlet.WebDriverContextCustomizerFactory$Customizer@51e2adc7], contextLoader = 'org.springframework.boot.test.context.SpringBootContextLoader', parent = [null]], attributes = map[[empty]]]; transaction manager [org.springframework.orm.jpa.JpaTransactionManager@22f8adc2]; rollback [true]
Hibernate: insert into users (id, created_at, email, full_name, nickname, password) values (null, ?, ?, ?, ?, ?)
2020-07-13 20:56:58.391  INFO 31313 --- [           main] o.s.t.c.transaction.TransactionContext   : Rolled back transaction for test: [DefaultTestContext@5a85b4e6 testClass = UserServiceTest, testInstance = com.challenge.suite.UserServiceTest@1de7f898, testMethod = whenSave@UserServiceTest, testException = [null], mergedContextConfiguration = [MergedContextConfiguration@6b09ce57 testClass = UserServiceTest, locations = '{}', classes = '{class com.challenge.SpringChallengeApplication}', contextInitializerClasses = '[]', activeProfiles = '{}', propertySourceLocations = '{}', propertySourceProperties = '{org.springframework.boot.test.context.SpringBootTestContextBootstrapper=true}', contextCustomizers = set[org.springframework.boot.test.context.filter.ExcludeFilterContextCustomizer@1786dec2, org.springframework.boot.test.json.DuplicateJsonObjectContextCustomizerFactory$DuplicateJsonObjectContextCustomizer@6acdbdf5, org.springframework.boot.test.mock.mockito.MockitoContextCustomizer@0, org.springframework.boot.test.web.client.TestRestTemplateContextCustomizer@30a3107a, org.springframework.boot.test.autoconfigure.properties.PropertyMappingContextCustomizer@0, org.springframework.boot.test.autoconfigure.web.servlet.WebDriverContextCustomizerFactory$Customizer@51e2adc7], contextLoader = 'org.springframework.boot.test.context.SpringBootContextLoader', parent = [null]], attributes = map[[empty]]]
[INFO] Tests run: 4, Failures: 0, Errors: 0, Skipped: 0, Time elapsed: 0.603 s - in com.challenge.suite.UserServiceTest
[INFO] Running com.challenge.suite.CandidateServiceTest
2020-07-13 20:56:58.408  INFO 31313 --- [           main] .b.t.c.SpringBootTestContextBootstrapper : Neither @ContextConfiguration nor @ContextHierarchy found for test class [com.challenge.suite.CandidateServiceTest], using SpringBootContextLoader
2020-07-13 20:56:58.410  INFO 31313 --- [           main] o.s.t.c.support.AbstractContextLoader    : Could not detect default resource locations for test class [com.challenge.suite.CandidateServiceTest]: no resource found for suffixes {-context.xml, Context.groovy}.
2020-07-13 20:56:58.417  INFO 31313 --- [           main] t.c.s.AnnotationConfigContextLoaderUtils : Could not detect default configuration classes for test class [com.challenge.suite.CandidateServiceTest]: CandidateServiceTest does not declare any static, non-private, non-final, nested classes annotated with @Configuration.
2020-07-13 20:56:58.422  INFO 31313 --- [           main] .b.t.c.SpringBootTestContextBootstrapper : Found @SpringBootConfiguration com.challenge.SpringChallengeApplication for test class com.challenge.suite.CandidateServiceTest
2020-07-13 20:56:58.427  INFO 31313 --- [           main] .b.t.c.SpringBootTestContextBootstrapper : Loaded default TestExecutionListener class names from location [META-INF/spring.factories]: [org.springframework.boot.test.mock.mockito.MockitoTestExecutionListener, org.springframework.boot.test.mock.mockito.ResetMocksTestExecutionListener, org.springframework.boot.test.autoconfigure.restdocs.RestDocsTestExecutionListener, org.springframework.boot.test.autoconfigure.web.client.MockRestServiceServerResetTestExecutionListener, org.springframework.boot.test.autoconfigure.web.servlet.MockMvcPrintOnlyOnFailureTestExecutionListener, org.springframework.boot.test.autoconfigure.web.servlet.WebDriverTestExecutionListener, org.springframework.test.context.web.ServletTestExecutionListener, org.springframework.test.context.support.DirtiesContextBeforeModesTestExecutionListener, org.springframework.test.context.support.DependencyInjectionTestExecutionListener, org.springframework.test.context.support.DirtiesContextTestExecutionListener, org.springframework.test.context.transaction.TransactionalTestExecutionListener, org.springframework.test.context.jdbc.SqlScriptsTestExecutionListener]
2020-07-13 20:56:58.436  INFO 31313 --- [           main] .b.t.c.SpringBootTestContextBootstrapper : Using TestExecutionListeners: [org.springframework.test.context.support.DirtiesContextBeforeModesTestExecutionListener@2326180c, org.springframework.boot.test.mock.mockito.MockitoTestExecutionListener@68e47e7, org.springframework.boot.test.autoconfigure.SpringBootDependencyInjectionTestExecutionListener@1c00d406, org.springframework.test.context.support.DirtiesContextTestExecutionListener@16ac4d3d, org.springframework.test.context.transaction.TransactionalTestExecutionListener@559d19c, org.springframework.test.context.jdbc.SqlScriptsTestExecutionListener@719c1faf, org.springframework.boot.test.mock.mockito.ResetMocksTestExecutionListener@6ba6557e, org.springframework.boot.test.autoconfigure.restdocs.RestDocsTestExecutionListener@1f172892, org.springframework.boot.test.autoconfigure.web.client.MockRestServiceServerResetTestExecutionListener@5409dfdd, org.springframework.boot.test.autoconfigure.web.servlet.MockMvcPrintOnlyOnFailureTestExecutionListener@45f9d394, org.springframework.boot.test.autoconfigure.web.servlet.WebDriverTestExecutionListener@1c2d63f0]
2020-07-13 20:56:58.455  INFO 31313 --- [           main] o.s.t.c.transaction.TransactionContext   : Began transaction (1) for test context [DefaultTestContext@2262f0d8 testClass = CandidateServiceTest, testInstance = com.challenge.suite.CandidateServiceTest@283a8ad6, testMethod = whenFindByCompanyId@CandidateServiceTest, testException = [null], mergedContextConfiguration = [MergedContextConfiguration@59e082f8 testClass = CandidateServiceTest, locations = '{}', classes = '{class com.challenge.SpringChallengeApplication}', contextInitializerClasses = '[]', activeProfiles = '{}', propertySourceLocations = '{}', propertySourceProperties = '{org.springframework.boot.test.context.SpringBootTestContextBootstrapper=true}', contextCustomizers = set[org.springframework.boot.test.context.filter.ExcludeFilterContextCustomizer@1786dec2, org.springframework.boot.test.json.DuplicateJsonObjectContextCustomizerFactory$DuplicateJsonObjectContextCustomizer@6acdbdf5, org.springframework.boot.test.mock.mockito.MockitoContextCustomizer@0, org.springframework.boot.test.web.client.TestRestTemplateContextCustomizer@30a3107a, org.springframework.boot.test.autoconfigure.properties.PropertyMappingContextCustomizer@0, org.springframework.boot.test.autoconfigure.web.servlet.WebDriverContextCustomizerFactory$Customizer@51e2adc7], contextLoader = 'org.springframework.boot.test.context.SpringBootContextLoader', parent = [null]], attributes = map[[empty]]]; transaction manager [org.springframework.orm.jpa.JpaTransactionManager@22f8adc2]; rollback [true]
Hibernate: select candidate0_.acceleration_id as accelera5_1_, candidate0_.company_id as company_4_1_, candidate0_.user_id as user_id3_1_, candidate0_.created_at as created_1_1_, candidate0_.status as status2_1_ from candidate candidate0_ where candidate0_.company_id=?
Hibernate: select accelerati0_.id as id1_0_0_, accelerati0_.challenge_id as challeng5_0_0_, accelerati0_.created_at as created_2_0_0_, accelerati0_.name as name3_0_0_, accelerati0_.slug as slug4_0_0_, challenge1_.id as id1_2_1_, challenge1_.created_at as created_2_2_1_, challenge1_.name as name3_2_1_, challenge1_.slug as slug4_2_1_ from acceleration accelerati0_ left outer join challenge challenge1_ on accelerati0_.challenge_id=challenge1_.id where accelerati0_.id=?
Hibernate: select company0_.id as id1_3_0_, company0_.created_at as created_2_3_0_, company0_.name as name3_3_0_, company0_.slug as slug4_3_0_ from company company0_ where company0_.id=?
Hibernate: select user0_.id as id1_5_0_, user0_.created_at as created_2_5_0_, user0_.email as email3_5_0_, user0_.full_name as full_nam4_5_0_, user0_.nickname as nickname5_5_0_, user0_.password as password6_5_0_ from users user0_ where user0_.id=?
Hibernate: select user0_.id as id1_5_0_, user0_.created_at as created_2_5_0_, user0_.email as email3_5_0_, user0_.full_name as full_nam4_5_0_, user0_.nickname as nickname5_5_0_, user0_.password as password6_5_0_ from users user0_ where user0_.id=?
Hibernate: select user0_.id as id1_5_0_, user0_.created_at as created_2_5_0_, user0_.email as email3_5_0_, user0_.full_name as full_nam4_5_0_, user0_.nickname as nickname5_5_0_, user0_.password as password6_5_0_ from users user0_ where user0_.id=?
2020-07-13 20:56:58.560  INFO 31313 --- [           main] o.s.t.c.transaction.TransactionContext   : Rolled back transaction for test: [DefaultTestContext@2262f0d8 testClass = CandidateServiceTest, testInstance = com.challenge.suite.CandidateServiceTest@283a8ad6, testMethod = whenFindByCompanyId@CandidateServiceTest, testException = [null], mergedContextConfiguration = [MergedContextConfiguration@59e082f8 testClass = CandidateServiceTest, locations = '{}', classes = '{class com.challenge.SpringChallengeApplication}', contextInitializerClasses = '[]', activeProfiles = '{}', propertySourceLocations = '{}', propertySourceProperties = '{org.springframework.boot.test.context.SpringBootTestContextBootstrapper=true}', contextCustomizers = set[org.springframework.boot.test.context.filter.ExcludeFilterContextCustomizer@1786dec2, org.springframework.boot.test.json.DuplicateJsonObjectContextCustomizerFactory$DuplicateJsonObjectContextCustomizer@6acdbdf5, org.springframework.boot.test.mock.mockito.MockitoContextCustomizer@0, org.springframework.boot.test.web.client.TestRestTemplateContextCustomizer@30a3107a, org.springframework.boot.test.autoconfigure.properties.PropertyMappingContextCustomizer@0, org.springframework.boot.test.autoconfigure.web.servlet.WebDriverContextCustomizerFactory$Customizer@51e2adc7], contextLoader = 'org.springframework.boot.test.context.SpringBootContextLoader', parent = [null]], attributes = map[[empty]]]
2020-07-13 20:56:58.572  INFO 31313 --- [           main] o.s.t.c.transaction.TransactionContext   : Began transaction (1) for test context [DefaultTestContext@2262f0d8 testClass = CandidateServiceTest, testInstance = com.challenge.suite.CandidateServiceTest@5a4c98d7, testMethod = whenFindById@CandidateServiceTest, testException = [null], mergedContextConfiguration = [MergedContextConfiguration@59e082f8 testClass = CandidateServiceTest, locations = '{}', classes = '{class com.challenge.SpringChallengeApplication}', contextInitializerClasses = '[]', activeProfiles = '{}', propertySourceLocations = '{}', propertySourceProperties = '{org.springframework.boot.test.context.SpringBootTestContextBootstrapper=true}', contextCustomizers = set[org.springframework.boot.test.context.filter.ExcludeFilterContextCustomizer@1786dec2, org.springframework.boot.test.json.DuplicateJsonObjectContextCustomizerFactory$DuplicateJsonObjectContextCustomizer@6acdbdf5, org.springframework.boot.test.mock.mockito.MockitoContextCustomizer@0, org.springframework.boot.test.web.client.TestRestTemplateContextCustomizer@30a3107a, org.springframework.boot.test.autoconfigure.properties.PropertyMappingContextCustomizer@0, org.springframework.boot.test.autoconfigure.web.servlet.WebDriverContextCustomizerFactory$Customizer@51e2adc7], contextLoader = 'org.springframework.boot.test.context.SpringBootContextLoader', parent = [null]], attributes = map[[empty]]]; transaction manager [org.springframework.orm.jpa.JpaTransactionManager@22f8adc2]; rollback [true]
Hibernate: select user0_.id as id1_5_0_, user0_.created_at as created_2_5_0_, user0_.email as email3_5_0_, user0_.full_name as full_nam4_5_0_, user0_.nickname as nickname5_5_0_, user0_.password as password6_5_0_ from users user0_ where user0_.id=?
Hibernate: select accelerati0_.id as id1_0_0_, accelerati0_.challenge_id as challeng5_0_0_, accelerati0_.created_at as created_2_0_0_, accelerati0_.name as name3_0_0_, accelerati0_.slug as slug4_0_0_, challenge1_.id as id1_2_1_, challenge1_.created_at as created_2_2_1_, challenge1_.name as name3_2_1_, challenge1_.slug as slug4_2_1_ from acceleration accelerati0_ left outer join challenge challenge1_ on accelerati0_.challenge_id=challenge1_.id where accelerati0_.id=?
Hibernate: select company0_.id as id1_3_0_, company0_.created_at as created_2_3_0_, company0_.name as name3_3_0_, company0_.slug as slug4_3_0_ from company company0_ where company0_.id=?
Hibernate: select candidate0_.acceleration_id as accelera5_1_, candidate0_.company_id as company_4_1_, candidate0_.user_id as user_id3_1_, candidate0_.created_at as created_1_1_, candidate0_.status as status2_1_ from candidate candidate0_ where candidate0_.user_id=? and candidate0_.company_id=? and candidate0_.acceleration_id=?
2020-07-13 20:56:58.717  INFO 31313 --- [           main] o.s.t.c.transaction.TransactionContext   : Rolled back transaction for test: [DefaultTestContext@2262f0d8 testClass = CandidateServiceTest, testInstance = com.challenge.suite.CandidateServiceTest@5a4c98d7, testMethod = whenFindById@CandidateServiceTest, testException = [null], mergedContextConfiguration = [MergedContextConfiguration@59e082f8 testClass = CandidateServiceTest, locations = '{}', classes = '{class com.challenge.SpringChallengeApplication}', contextInitializerClasses = '[]', activeProfiles = '{}', propertySourceLocations = '{}', propertySourceProperties = '{org.springframework.boot.test.context.SpringBootTestContextBootstrapper=true}', contextCustomizers = set[org.springframework.boot.test.context.filter.ExcludeFilterContextCustomizer@1786dec2, org.springframework.boot.test.json.DuplicateJsonObjectContextCustomizerFactory$DuplicateJsonObjectContextCustomizer@6acdbdf5, org.springframework.boot.test.mock.mockito.MockitoContextCustomizer@0, org.springframework.boot.test.web.client.TestRestTemplateContextCustomizer@30a3107a, org.springframework.boot.test.autoconfigure.properties.PropertyMappingContextCustomizer@0, org.springframework.boot.test.autoconfigure.web.servlet.WebDriverContextCustomizerFactory$Customizer@51e2adc7], contextLoader = 'org.springframework.boot.test.context.SpringBootContextLoader', parent = [null]], attributes = map[[empty]]]
2020-07-13 20:56:58.727  INFO 31313 --- [           main] o.s.t.c.transaction.TransactionContext   : Began transaction (1) for test context [DefaultTestContext@2262f0d8 testClass = CandidateServiceTest, testInstance = com.challenge.suite.CandidateServiceTest@6481dce5, testMethod = whenFindByAccelerationId@CandidateServiceTest, testException = [null], mergedContextConfiguration = [MergedContextConfiguration@59e082f8 testClass = CandidateServiceTest, locations = '{}', classes = '{class com.challenge.SpringChallengeApplication}', contextInitializerClasses = '[]', activeProfiles = '{}', propertySourceLocations = '{}', propertySourceProperties = '{org.springframework.boot.test.context.SpringBootTestContextBootstrapper=true}', contextCustomizers = set[org.springframework.boot.test.context.filter.ExcludeFilterContextCustomizer@1786dec2, org.springframework.boot.test.json.DuplicateJsonObjectContextCustomizerFactory$DuplicateJsonObjectContextCustomizer@6acdbdf5, org.springframework.boot.test.mock.mockito.MockitoContextCustomizer@0, org.springframework.boot.test.web.client.TestRestTemplateContextCustomizer@30a3107a, org.springframework.boot.test.autoconfigure.properties.PropertyMappingContextCustomizer@0, org.springframework.boot.test.autoconfigure.web.servlet.WebDriverContextCustomizerFactory$Customizer@51e2adc7], contextLoader = 'org.springframework.boot.test.context.SpringBootContextLoader', parent = [null]], attributes = map[[empty]]]; transaction manager [org.springframework.orm.jpa.JpaTransactionManager@22f8adc2]; rollback [true]
Hibernate: select candidate0_.acceleration_id as accelera5_1_, candidate0_.company_id as company_4_1_, candidate0_.user_id as user_id3_1_, candidate0_.created_at as created_1_1_, candidate0_.status as status2_1_ from candidate candidate0_ where candidate0_.acceleration_id=?
Hibernate: select accelerati0_.id as id1_0_0_, accelerati0_.challenge_id as challeng5_0_0_, accelerati0_.created_at as created_2_0_0_, accelerati0_.name as name3_0_0_, accelerati0_.slug as slug4_0_0_, challenge1_.id as id1_2_1_, challenge1_.created_at as created_2_2_1_, challenge1_.name as name3_2_1_, challenge1_.slug as slug4_2_1_ from acceleration accelerati0_ left outer join challenge challenge1_ on accelerati0_.challenge_id=challenge1_.id where accelerati0_.id=?
Hibernate: select company0_.id as id1_3_0_, company0_.created_at as created_2_3_0_, company0_.name as name3_3_0_, company0_.slug as slug4_3_0_ from company company0_ where company0_.id=?
Hibernate: select user0_.id as id1_5_0_, user0_.created_at as created_2_5_0_, user0_.email as email3_5_0_, user0_.full_name as full_nam4_5_0_, user0_.nickname as nickname5_5_0_, user0_.password as password6_5_0_ from users user0_ where user0_.id=?
Hibernate: select user0_.id as id1_5_0_, user0_.created_at as created_2_5_0_, user0_.email as email3_5_0_, user0_.full_name as full_nam4_5_0_, user0_.nickname as nickname5_5_0_, user0_.password as password6_5_0_ from users user0_ where user0_.id=?
Hibernate: select user0_.id as id1_5_0_, user0_.created_at as created_2_5_0_, user0_.email as email3_5_0_, user0_.full_name as full_nam4_5_0_, user0_.nickname as nickname5_5_0_, user0_.password as password6_5_0_ from users user0_ where user0_.id=?
2020-07-13 20:56:58.785  INFO 31313 --- [           main] o.s.t.c.transaction.TransactionContext   : Rolled back transaction for test: [DefaultTestContext@2262f0d8 testClass = CandidateServiceTest, testInstance = com.challenge.suite.CandidateServiceTest@6481dce5, testMethod = whenFindByAccelerationId@CandidateServiceTest, testException = [null], mergedContextConfiguration = [MergedContextConfiguration@59e082f8 testClass = CandidateServiceTest, locations = '{}', classes = '{class com.challenge.SpringChallengeApplication}', contextInitializerClasses = '[]', activeProfiles = '{}', propertySourceLocations = '{}', propertySourceProperties = '{org.springframework.boot.test.context.SpringBootTestContextBootstrapper=true}', contextCustomizers = set[org.springframework.boot.test.context.filter.ExcludeFilterContextCustomizer@1786dec2, org.springframework.boot.test.json.DuplicateJsonObjectContextCustomizerFactory$DuplicateJsonObjectContextCustomizer@6acdbdf5, org.springframework.boot.test.mock.mockito.MockitoContextCustomizer@0, org.springframework.boot.test.web.client.TestRestTemplateContextCustomizer@30a3107a, org.springframework.boot.test.autoconfigure.properties.PropertyMappingContextCustomizer@0, org.springframework.boot.test.autoconfigure.web.servlet.WebDriverContextCustomizerFactory$Customizer@51e2adc7], contextLoader = 'org.springframework.boot.test.context.SpringBootContextLoader', parent = [null]], attributes = map[[empty]]]
2020-07-13 20:56:58.792  INFO 31313 --- [           main] o.s.t.c.transaction.TransactionContext   : Began transaction (1) for test context [DefaultTestContext@2262f0d8 testClass = CandidateServiceTest, testInstance = com.challenge.suite.CandidateServiceTest@286866cb, testMethod = whenFindByIdThenNotFound@CandidateServiceTest, testException = [null], mergedContextConfiguration = [MergedContextConfiguration@59e082f8 testClass = CandidateServiceTest, locations = '{}', classes = '{class com.challenge.SpringChallengeApplication}', contextInitializerClasses = '[]', activeProfiles = '{}', propertySourceLocations = '{}', propertySourceProperties = '{org.springframework.boot.test.context.SpringBootTestContextBootstrapper=true}', contextCustomizers = set[org.springframework.boot.test.context.filter.ExcludeFilterContextCustomizer@1786dec2, org.springframework.boot.test.json.DuplicateJsonObjectContextCustomizerFactory$DuplicateJsonObjectContextCustomizer@6acdbdf5, org.springframework.boot.test.mock.mockito.MockitoContextCustomizer@0, org.springframework.boot.test.web.client.TestRestTemplateContextCustomizer@30a3107a, org.springframework.boot.test.autoconfigure.properties.PropertyMappingContextCustomizer@0, org.springframework.boot.test.autoconfigure.web.servlet.WebDriverContextCustomizerFactory$Customizer@51e2adc7], contextLoader = 'org.springframework.boot.test.context.SpringBootContextLoader', parent = [null]], attributes = map[[empty]]]; transaction manager [org.springframework.orm.jpa.JpaTransactionManager@22f8adc2]; rollback [true]
Hibernate: select user0_.id as id1_5_0_, user0_.created_at as created_2_5_0_, user0_.email as email3_5_0_, user0_.full_name as full_nam4_5_0_, user0_.nickname as nickname5_5_0_, user0_.password as password6_5_0_ from users user0_ where user0_.id=?
Hibernate: select accelerati0_.id as id1_0_0_, accelerati0_.challenge_id as challeng5_0_0_, accelerati0_.created_at as created_2_0_0_, accelerati0_.name as name3_0_0_, accelerati0_.slug as slug4_0_0_, challenge1_.id as id1_2_1_, challenge1_.created_at as created_2_2_1_, challenge1_.name as name3_2_1_, challenge1_.slug as slug4_2_1_ from acceleration accelerati0_ left outer join challenge challenge1_ on accelerati0_.challenge_id=challenge1_.id where accelerati0_.id=?
Hibernate: select company0_.id as id1_3_0_, company0_.created_at as created_2_3_0_, company0_.name as name3_3_0_, company0_.slug as slug4_3_0_ from company company0_ where company0_.id=?
Hibernate: select candidate0_.acceleration_id as accelera5_1_, candidate0_.company_id as company_4_1_, candidate0_.user_id as user_id3_1_, candidate0_.created_at as created_1_1_, candidate0_.status as status2_1_ from candidate candidate0_ where candidate0_.user_id=? and candidate0_.company_id=? and candidate0_.acceleration_id=?
2020-07-13 20:56:58.843  INFO 31313 --- [           main] o.s.t.c.transaction.TransactionContext   : Rolled back transaction for test: [DefaultTestContext@2262f0d8 testClass = CandidateServiceTest, testInstance = com.challenge.suite.CandidateServiceTest@286866cb, testMethod = whenFindByIdThenNotFound@CandidateServiceTest, testException = [null], mergedContextConfiguration = [MergedContextConfiguration@59e082f8 testClass = CandidateServiceTest, locations = '{}', classes = '{class com.challenge.SpringChallengeApplication}', contextInitializerClasses = '[]', activeProfiles = '{}', propertySourceLocations = '{}', propertySourceProperties = '{org.springframework.boot.test.context.SpringBootTestContextBootstrapper=true}', contextCustomizers = set[org.springframework.boot.test.context.filter.ExcludeFilterContextCustomizer@1786dec2, org.springframework.boot.test.json.DuplicateJsonObjectContextCustomizerFactory$DuplicateJsonObjectContextCustomizer@6acdbdf5, org.springframework.boot.test.mock.mockito.MockitoContextCustomizer@0, org.springframework.boot.test.web.client.TestRestTemplateContextCustomizer@30a3107a, org.springframework.boot.test.autoconfigure.properties.PropertyMappingContextCustomizer@0, org.springframework.boot.test.autoconfigure.web.servlet.WebDriverContextCustomizerFactory$Customizer@51e2adc7], contextLoader = 'org.springframework.boot.test.context.SpringBootContextLoader', parent = [null]], attributes = map[[empty]]]
[INFO] Tests run: 4, Failures: 0, Errors: 0, Skipped: 0, Time elapsed: 0.434 s - in com.challenge.suite.CandidateServiceTest
[INFO] Running com.challenge.suite.ChallengeServiceTest
2020-07-13 20:56:58.876  INFO 31313 --- [           main] .b.t.c.SpringBootTestContextBootstrapper : Neither @ContextConfiguration nor @ContextHierarchy found for test class [com.challenge.suite.ChallengeServiceTest], using SpringBootContextLoader
2020-07-13 20:56:58.885  INFO 31313 --- [           main] o.s.t.c.support.AbstractContextLoader    : Could not detect default resource locations for test class [com.challenge.suite.ChallengeServiceTest]: no resource found for suffixes {-context.xml, Context.groovy}.
2020-07-13 20:56:58.895  INFO 31313 --- [           main] t.c.s.AnnotationConfigContextLoaderUtils : Could not detect default configuration classes for test class [com.challenge.suite.ChallengeServiceTest]: ChallengeServiceTest does not declare any static, non-private, non-final, nested classes annotated with @Configuration.
2020-07-13 20:56:58.912  INFO 31313 --- [           main] .b.t.c.SpringBootTestContextBootstrapper : Found @SpringBootConfiguration com.challenge.SpringChallengeApplication for test class com.challenge.suite.ChallengeServiceTest
2020-07-13 20:56:58.922  INFO 31313 --- [           main] .b.t.c.SpringBootTestContextBootstrapper : Loaded default TestExecutionListener class names from location [META-INF/spring.factories]: [org.springframework.boot.test.mock.mockito.MockitoTestExecutionListener, org.springframework.boot.test.mock.mockito.ResetMocksTestExecutionListener, org.springframework.boot.test.autoconfigure.restdocs.RestDocsTestExecutionListener, org.springframework.boot.test.autoconfigure.web.client.MockRestServiceServerResetTestExecutionListener, org.springframework.boot.test.autoconfigure.web.servlet.MockMvcPrintOnlyOnFailureTestExecutionListener, org.springframework.boot.test.autoconfigure.web.servlet.WebDriverTestExecutionListener, org.springframework.test.context.web.ServletTestExecutionListener, org.springframework.test.context.support.DirtiesContextBeforeModesTestExecutionListener, org.springframework.test.context.support.DependencyInjectionTestExecutionListener, org.springframework.test.context.support.DirtiesContextTestExecutionListener, org.springframework.test.context.transaction.TransactionalTestExecutionListener, org.springframework.test.context.jdbc.SqlScriptsTestExecutionListener]
2020-07-13 20:56:58.926  INFO 31313 --- [           main] .b.t.c.SpringBootTestContextBootstrapper : Using TestExecutionListeners: [org.springframework.test.context.support.DirtiesContextBeforeModesTestExecutionListener@5da57a64, org.springframework.boot.test.mock.mockito.MockitoTestExecutionListener@5cdf221a, org.springframework.boot.test.autoconfigure.SpringBootDependencyInjectionTestExecutionListener@7e27f603, org.springframework.test.context.support.DirtiesContextTestExecutionListener@6136e1fc, org.springframework.test.context.transaction.TransactionalTestExecutionListener@1736c1e4, org.springframework.test.context.jdbc.SqlScriptsTestExecutionListener@32dcfeea, org.springframework.boot.test.mock.mockito.ResetMocksTestExecutionListener@738a815c, org.springframework.boot.test.autoconfigure.restdocs.RestDocsTestExecutionListener@2565a7d0, org.springframework.boot.test.autoconfigure.web.client.MockRestServiceServerResetTestExecutionListener@4fd7b79, org.springframework.boot.test.autoconfigure.web.servlet.MockMvcPrintOnlyOnFailureTestExecutionListener@5103eea2, org.springframework.boot.test.autoconfigure.web.servlet.WebDriverTestExecutionListener@762405bf]
2020-07-13 20:56:58.936  INFO 31313 --- [           main] o.s.t.c.transaction.TransactionContext   : Began transaction (1) for test context [DefaultTestContext@113eed88 testClass = ChallengeServiceTest, testInstance = com.challenge.suite.ChallengeServiceTest@5f0677f3, testMethod = whenFindByAccelerationIdAndUserId@ChallengeServiceTest, testException = [null], mergedContextConfiguration = [MergedContextConfiguration@9d99851 testClass = ChallengeServiceTest, locations = '{}', classes = '{class com.challenge.SpringChallengeApplication}', contextInitializerClasses = '[]', activeProfiles = '{}', propertySourceLocations = '{}', propertySourceProperties = '{org.springframework.boot.test.context.SpringBootTestContextBootstrapper=true}', contextCustomizers = set[org.springframework.boot.test.context.filter.ExcludeFilterContextCustomizer@1786dec2, org.springframework.boot.test.json.DuplicateJsonObjectContextCustomizerFactory$DuplicateJsonObjectContextCustomizer@6acdbdf5, org.springframework.boot.test.mock.mockito.MockitoContextCustomizer@0, org.springframework.boot.test.web.client.TestRestTemplateContextCustomizer@30a3107a, org.springframework.boot.test.autoconfigure.properties.PropertyMappingContextCustomizer@0, org.springframework.boot.test.autoconfigure.web.servlet.WebDriverContextCustomizerFactory$Customizer@51e2adc7], contextLoader = 'org.springframework.boot.test.context.SpringBootContextLoader', parent = [null]], attributes = map[[empty]]]; transaction manager [org.springframework.orm.jpa.JpaTransactionManager@22f8adc2]; rollback [true]
Hibernate: select challenge0_.id as id1_2_0_, accelerati1_.id as id1_0_1_, candidates2_.acceleration_id as accelera5_1_2_, candidates2_.company_id as company_4_1_2_, candidates2_.user_id as user_id3_1_2_, user3_.id as id1_5_3_, challenge0_.created_at as created_2_2_0_, challenge0_.name as name3_2_0_, challenge0_.slug as slug4_2_0_, accelerati1_.challenge_id as challeng5_0_1_, accelerati1_.created_at as created_2_0_1_, accelerati1_.name as name3_0_1_, accelerati1_.slug as slug4_0_1_, candidates2_.created_at as created_1_1_2_, candidates2_.status as status2_1_2_, user3_.created_at as created_2_5_3_, user3_.email as email3_5_3_, user3_.full_name as full_nam4_5_3_, user3_.nickname as nickname5_5_3_, user3_.password as password6_5_3_ from challenge challenge0_ inner join acceleration accelerati1_ on challenge0_.id=accelerati1_.challenge_id inner join candidate candidates2_ on accelerati1_.id=candidates2_.acceleration_id inner join users user3_ on candidates2_.user_id=user3_.id where accelerati1_.id=? and user3_.id=?
Hibernate: select accelerati0_.id as id1_0_0_, accelerati0_.challenge_id as challeng5_0_0_, accelerati0_.created_at as created_2_0_0_, accelerati0_.name as name3_0_0_, accelerati0_.slug as slug4_0_0_, challenge1_.id as id1_2_1_, challenge1_.created_at as created_2_2_1_, challenge1_.name as name3_2_1_, challenge1_.slug as slug4_2_1_ from acceleration accelerati0_ left outer join challenge challenge1_ on accelerati0_.challenge_id=challenge1_.id where accelerati0_.id=?
Hibernate: select company0_.id as id1_3_0_, company0_.created_at as created_2_3_0_, company0_.name as name3_3_0_, company0_.slug as slug4_3_0_ from company company0_ where company0_.id=?
Hibernate: select user0_.id as id1_5_0_, user0_.created_at as created_2_5_0_, user0_.email as email3_5_0_, user0_.full_name as full_nam4_5_0_, user0_.nickname as nickname5_5_0_, user0_.password as password6_5_0_ from users user0_ where user0_.id=?
2020-07-13 20:56:59.048  INFO 31313 --- [           main] o.s.t.c.transaction.TransactionContext   : Rolled back transaction for test: [DefaultTestContext@113eed88 testClass = ChallengeServiceTest, testInstance = com.challenge.suite.ChallengeServiceTest@5f0677f3, testMethod = whenFindByAccelerationIdAndUserId@ChallengeServiceTest, testException = [null], mergedContextConfiguration = [MergedContextConfiguration@9d99851 testClass = ChallengeServiceTest, locations = '{}', classes = '{class com.challenge.SpringChallengeApplication}', contextInitializerClasses = '[]', activeProfiles = '{}', propertySourceLocations = '{}', propertySourceProperties = '{org.springframework.boot.test.context.SpringBootTestContextBootstrapper=true}', contextCustomizers = set[org.springframework.boot.test.context.filter.ExcludeFilterContextCustomizer@1786dec2, org.springframework.boot.test.json.DuplicateJsonObjectContextCustomizerFactory$DuplicateJsonObjectContextCustomizer@6acdbdf5, org.springframework.boot.test.mock.mockito.MockitoContextCustomizer@0, org.springframework.boot.test.web.client.TestRestTemplateContextCustomizer@30a3107a, org.springframework.boot.test.autoconfigure.properties.PropertyMappingContextCustomizer@0, org.springframework.boot.test.autoconfigure.web.servlet.WebDriverContextCustomizerFactory$Customizer@51e2adc7], contextLoader = 'org.springframework.boot.test.context.SpringBootContextLoader', parent = [null]], attributes = map[[empty]]]
[INFO] Tests run: 1, Failures: 0, Errors: 0, Skipped: 0, Time elapsed: 0.204 s - in com.challenge.suite.ChallengeServiceTest
[INFO] Running com.challenge.suite.AccelerationServiceTest
2020-07-13 20:56:59.065  INFO 31313 --- [           main] .b.t.c.SpringBootTestContextBootstrapper : Neither @ContextConfiguration nor @ContextHierarchy found for test class [com.challenge.suite.AccelerationServiceTest], using SpringBootContextLoader
2020-07-13 20:56:59.066  INFO 31313 --- [           main] o.s.t.c.support.AbstractContextLoader    : Could not detect default resource locations for test class [com.challenge.suite.AccelerationServiceTest]: no resource found for suffixes {-context.xml, Context.groovy}.
2020-07-13 20:56:59.073  INFO 31313 --- [           main] t.c.s.AnnotationConfigContextLoaderUtils : Could not detect default configuration classes for test class [com.challenge.suite.AccelerationServiceTest]: AccelerationServiceTest does not declare any static, non-private, non-final, nested classes annotated with @Configuration.
2020-07-13 20:56:59.086  INFO 31313 --- [           main] .b.t.c.SpringBootTestContextBootstrapper : Found @SpringBootConfiguration com.challenge.SpringChallengeApplication for test class com.challenge.suite.AccelerationServiceTest
2020-07-13 20:56:59.090  INFO 31313 --- [           main] .b.t.c.SpringBootTestContextBootstrapper : Loaded default TestExecutionListener class names from location [META-INF/spring.factories]: [org.springframework.boot.test.mock.mockito.MockitoTestExecutionListener, org.springframework.boot.test.mock.mockito.ResetMocksTestExecutionListener, org.springframework.boot.test.autoconfigure.restdocs.RestDocsTestExecutionListener, org.springframework.boot.test.autoconfigure.web.client.MockRestServiceServerResetTestExecutionListener, org.springframework.boot.test.autoconfigure.web.servlet.MockMvcPrintOnlyOnFailureTestExecutionListener, org.springframework.boot.test.autoconfigure.web.servlet.WebDriverTestExecutionListener, org.springframework.test.context.web.ServletTestExecutionListener, org.springframework.test.context.support.DirtiesContextBeforeModesTestExecutionListener, org.springframework.test.context.support.DependencyInjectionTestExecutionListener, org.springframework.test.context.support.DirtiesContextTestExecutionListener, org.springframework.test.context.transaction.TransactionalTestExecutionListener, org.springframework.test.context.jdbc.SqlScriptsTestExecutionListener]
2020-07-13 20:56:59.091  INFO 31313 --- [           main] .b.t.c.SpringBootTestContextBootstrapper : Using TestExecutionListeners: [org.springframework.test.context.support.DirtiesContextBeforeModesTestExecutionListener@55951fcd, org.springframework.boot.test.mock.mockito.MockitoTestExecutionListener@3513d214, org.springframework.boot.test.autoconfigure.SpringBootDependencyInjectionTestExecutionListener@7534785a, org.springframework.test.context.support.DirtiesContextTestExecutionListener@46b5f061, org.springframework.test.context.transaction.TransactionalTestExecutionListener@3ba3f40d, org.springframework.test.context.jdbc.SqlScriptsTestExecutionListener@108b121f, org.springframework.boot.test.mock.mockito.ResetMocksTestExecutionListener@46ab4efc, org.springframework.boot.test.autoconfigure.restdocs.RestDocsTestExecutionListener@2ff498b0, org.springframework.boot.test.autoconfigure.web.client.MockRestServiceServerResetTestExecutionListener@b5312df, org.springframework.boot.test.autoconfigure.web.servlet.MockMvcPrintOnlyOnFailureTestExecutionListener@4300e240, org.springframework.boot.test.autoconfigure.web.servlet.WebDriverTestExecutionListener@5f409872]
2020-07-13 20:56:59.100  INFO 31313 --- [           main] o.s.t.c.transaction.TransactionContext   : Began transaction (1) for test context [DefaultTestContext@472c9f88 testClass = AccelerationServiceTest, testInstance = com.challenge.suite.AccelerationServiceTest@37a67cf, testMethod = whenFindByCompanyId@AccelerationServiceTest, testException = [null], mergedContextConfiguration = [MergedContextConfiguration@5822ecda testClass = AccelerationServiceTest, locations = '{}', classes = '{class com.challenge.SpringChallengeApplication}', contextInitializerClasses = '[]', activeProfiles = '{}', propertySourceLocations = '{}', propertySourceProperties = '{org.springframework.boot.test.context.SpringBootTestContextBootstrapper=true}', contextCustomizers = set[org.springframework.boot.test.context.filter.ExcludeFilterContextCustomizer@1786dec2, org.springframework.boot.test.json.DuplicateJsonObjectContextCustomizerFactory$DuplicateJsonObjectContextCustomizer@6acdbdf5, org.springframework.boot.test.mock.mockito.MockitoContextCustomizer@0, org.springframework.boot.test.web.client.TestRestTemplateContextCustomizer@30a3107a, org.springframework.boot.test.autoconfigure.properties.PropertyMappingContextCustomizer@0, org.springframework.boot.test.autoconfigure.web.servlet.WebDriverContextCustomizerFactory$Customizer@51e2adc7], contextLoader = 'org.springframework.boot.test.context.SpringBootContextLoader', parent = [null]], attributes = map[[empty]]]; transaction manager [org.springframework.orm.jpa.JpaTransactionManager@22f8adc2]; rollback [true]
Hibernate: select accelerati0_.id as id1_0_0_, candidates1_.acceleration_id as accelera5_1_1_, candidates1_.company_id as company_4_1_1_, candidates1_.user_id as user_id3_1_1_, accelerati0_.challenge_id as challeng5_0_0_, accelerati0_.created_at as created_2_0_0_, accelerati0_.name as name3_0_0_, accelerati0_.slug as slug4_0_0_, candidates1_.created_at as created_1_1_1_, candidates1_.status as status2_1_1_ from acceleration accelerati0_ inner join candidate candidates1_ on accelerati0_.id=candidates1_.acceleration_id where candidates1_.company_id=?
Hibernate: select accelerati0_.id as id1_0_0_, accelerati0_.challenge_id as challeng5_0_0_, accelerati0_.created_at as created_2_0_0_, accelerati0_.name as name3_0_0_, accelerati0_.slug as slug4_0_0_, challenge1_.id as id1_2_1_, challenge1_.created_at as created_2_2_1_, challenge1_.name as name3_2_1_, challenge1_.slug as slug4_2_1_ from acceleration accelerati0_ left outer join challenge challenge1_ on accelerati0_.challenge_id=challenge1_.id where accelerati0_.id=?
Hibernate: select company0_.id as id1_3_0_, company0_.created_at as created_2_3_0_, company0_.name as name3_3_0_, company0_.slug as slug4_3_0_ from company company0_ where company0_.id=?
Hibernate: select user0_.id as id1_5_0_, user0_.created_at as created_2_5_0_, user0_.email as email3_5_0_, user0_.full_name as full_nam4_5_0_, user0_.nickname as nickname5_5_0_, user0_.password as password6_5_0_ from users user0_ where user0_.id=?
Hibernate: select user0_.id as id1_5_0_, user0_.created_at as created_2_5_0_, user0_.email as email3_5_0_, user0_.full_name as full_nam4_5_0_, user0_.nickname as nickname5_5_0_, user0_.password as password6_5_0_ from users user0_ where user0_.id=?
Hibernate: select user0_.id as id1_5_0_, user0_.created_at as created_2_5_0_, user0_.email as email3_5_0_, user0_.full_name as full_nam4_5_0_, user0_.nickname as nickname5_5_0_, user0_.password as password6_5_0_ from users user0_ where user0_.id=?
2020-07-13 20:56:59.209  INFO 31313 --- [           main] o.s.t.c.transaction.TransactionContext   : Rolled back transaction for test: [DefaultTestContext@472c9f88 testClass = AccelerationServiceTest, testInstance = com.challenge.suite.AccelerationServiceTest@37a67cf, testMethod = whenFindByCompanyId@AccelerationServiceTest, testException = [null], mergedContextConfiguration = [MergedContextConfiguration@5822ecda testClass = AccelerationServiceTest, locations = '{}', classes = '{class com.challenge.SpringChallengeApplication}', contextInitializerClasses = '[]', activeProfiles = '{}', propertySourceLocations = '{}', propertySourceProperties = '{org.springframework.boot.test.context.SpringBootTestContextBootstrapper=true}', contextCustomizers = set[org.springframework.boot.test.context.filter.ExcludeFilterContextCustomizer@1786dec2, org.springframework.boot.test.json.DuplicateJsonObjectContextCustomizerFactory$DuplicateJsonObjectContextCustomizer@6acdbdf5, org.springframework.boot.test.mock.mockito.MockitoContextCustomizer@0, org.springframework.boot.test.web.client.TestRestTemplateContextCustomizer@30a3107a, org.springframework.boot.test.autoconfigure.properties.PropertyMappingContextCustomizer@0, org.springframework.boot.test.autoconfigure.web.servlet.WebDriverContextCustomizerFactory$Customizer@51e2adc7], contextLoader = 'org.springframework.boot.test.context.SpringBootContextLoader', parent = [null]], attributes = map[[empty]]]
2020-07-13 20:56:59.219  INFO 31313 --- [           main] o.s.t.c.transaction.TransactionContext   : Began transaction (1) for test context [DefaultTestContext@472c9f88 testClass = AccelerationServiceTest, testInstance = com.challenge.suite.AccelerationServiceTest@506aa618, testMethod = whenFindById@AccelerationServiceTest, testException = [null], mergedContextConfiguration = [MergedContextConfiguration@5822ecda testClass = AccelerationServiceTest, locations = '{}', classes = '{class com.challenge.SpringChallengeApplication}', contextInitializerClasses = '[]', activeProfiles = '{}', propertySourceLocations = '{}', propertySourceProperties = '{org.springframework.boot.test.context.SpringBootTestContextBootstrapper=true}', contextCustomizers = set[org.springframework.boot.test.context.filter.ExcludeFilterContextCustomizer@1786dec2, org.springframework.boot.test.json.DuplicateJsonObjectContextCustomizerFactory$DuplicateJsonObjectContextCustomizer@6acdbdf5, org.springframework.boot.test.mock.mockito.MockitoContextCustomizer@0, org.springframework.boot.test.web.client.TestRestTemplateContextCustomizer@30a3107a, org.springframework.boot.test.autoconfigure.properties.PropertyMappingContextCustomizer@0, org.springframework.boot.test.autoconfigure.web.servlet.WebDriverContextCustomizerFactory$Customizer@51e2adc7], contextLoader = 'org.springframework.boot.test.context.SpringBootContextLoader', parent = [null]], attributes = map[[empty]]]; transaction manager [org.springframework.orm.jpa.JpaTransactionManager@22f8adc2]; rollback [true]
Hibernate: select accelerati0_.id as id1_0_0_, accelerati0_.challenge_id as challeng5_0_0_, accelerati0_.created_at as created_2_0_0_, accelerati0_.name as name3_0_0_, accelerati0_.slug as slug4_0_0_, challenge1_.id as id1_2_1_, challenge1_.created_at as created_2_2_1_, challenge1_.name as name3_2_1_, challenge1_.slug as slug4_2_1_ from acceleration accelerati0_ left outer join challenge challenge1_ on accelerati0_.challenge_id=challenge1_.id where accelerati0_.id=?
2020-07-13 20:56:59.241  INFO 31313 --- [           main] o.s.t.c.transaction.TransactionContext   : Rolled back transaction for test: [DefaultTestContext@472c9f88 testClass = AccelerationServiceTest, testInstance = com.challenge.suite.AccelerationServiceTest@506aa618, testMethod = whenFindById@AccelerationServiceTest, testException = [null], mergedContextConfiguration = [MergedContextConfiguration@5822ecda testClass = AccelerationServiceTest, locations = '{}', classes = '{class com.challenge.SpringChallengeApplication}', contextInitializerClasses = '[]', activeProfiles = '{}', propertySourceLocations = '{}', propertySourceProperties = '{org.springframework.boot.test.context.SpringBootTestContextBootstrapper=true}', contextCustomizers = set[org.springframework.boot.test.context.filter.ExcludeFilterContextCustomizer@1786dec2, org.springframework.boot.test.json.DuplicateJsonObjectContextCustomizerFactory$DuplicateJsonObjectContextCustomizer@6acdbdf5, org.springframework.boot.test.mock.mockito.MockitoContextCustomizer@0, org.springframework.boot.test.web.client.TestRestTemplateContextCustomizer@30a3107a, org.springframework.boot.test.autoconfigure.properties.PropertyMappingContextCustomizer@0, org.springframework.boot.test.autoconfigure.web.servlet.WebDriverContextCustomizerFactory$Customizer@51e2adc7], contextLoader = 'org.springframework.boot.test.context.SpringBootContextLoader', parent = [null]], attributes = map[[empty]]]
[INFO] Tests run: 2, Failures: 0, Errors: 0, Skipped: 0, Time elapsed: 0.185 s - in com.challenge.suite.AccelerationServiceTest
[INFO] Running com.challenge.suite.SubmissionServiceTest
2020-07-13 20:56:59.276  INFO 31313 --- [           main] .b.t.c.SpringBootTestContextBootstrapper : Neither @ContextConfiguration nor @ContextHierarchy found for test class [com.challenge.suite.SubmissionServiceTest], using SpringBootContextLoader
2020-07-13 20:56:59.287  INFO 31313 --- [           main] o.s.t.c.support.AbstractContextLoader    : Could not detect default resource locations for test class [com.challenge.suite.SubmissionServiceTest]: no resource found for suffixes {-context.xml, Context.groovy}.
2020-07-13 20:56:59.289  INFO 31313 --- [           main] t.c.s.AnnotationConfigContextLoaderUtils : Could not detect default configuration classes for test class [com.challenge.suite.SubmissionServiceTest]: SubmissionServiceTest does not declare any static, non-private, non-final, nested classes annotated with @Configuration.
2020-07-13 20:56:59.294  INFO 31313 --- [           main] .b.t.c.SpringBootTestContextBootstrapper : Found @SpringBootConfiguration com.challenge.SpringChallengeApplication for test class com.challenge.suite.SubmissionServiceTest
2020-07-13 20:56:59.297  INFO 31313 --- [           main] .b.t.c.SpringBootTestContextBootstrapper : Loaded default TestExecutionListener class names from location [META-INF/spring.factories]: [org.springframework.boot.test.mock.mockito.MockitoTestExecutionListener, org.springframework.boot.test.mock.mockito.ResetMocksTestExecutionListener, org.springframework.boot.test.autoconfigure.restdocs.RestDocsTestExecutionListener, org.springframework.boot.test.autoconfigure.web.client.MockRestServiceServerResetTestExecutionListener, org.springframework.boot.test.autoconfigure.web.servlet.MockMvcPrintOnlyOnFailureTestExecutionListener, org.springframework.boot.test.autoconfigure.web.servlet.WebDriverTestExecutionListener, org.springframework.test.context.web.ServletTestExecutionListener, org.springframework.test.context.support.DirtiesContextBeforeModesTestExecutionListener, org.springframework.test.context.support.DependencyInjectionTestExecutionListener, org.springframework.test.context.support.DirtiesContextTestExecutionListener, org.springframework.test.context.transaction.TransactionalTestExecutionListener, org.springframework.test.context.jdbc.SqlScriptsTestExecutionListener]
2020-07-13 20:56:59.306  INFO 31313 --- [           main] .b.t.c.SpringBootTestContextBootstrapper : Using TestExecutionListeners: [org.springframework.test.context.support.DirtiesContextBeforeModesTestExecutionListener@3386c206, org.springframework.boot.test.mock.mockito.MockitoTestExecutionListener@1322b575, org.springframework.boot.test.autoconfigure.SpringBootDependencyInjectionTestExecutionListener@6dded900, org.springframework.test.context.support.DirtiesContextTestExecutionListener@d504137, org.springframework.test.context.transaction.TransactionalTestExecutionListener@8432469, org.springframework.test.context.jdbc.SqlScriptsTestExecutionListener@e4ca109, org.springframework.boot.test.mock.mockito.ResetMocksTestExecutionListener@15c16f19, org.springframework.boot.test.autoconfigure.restdocs.RestDocsTestExecutionListener@1a17dd6f, org.springframework.boot.test.autoconfigure.web.client.MockRestServiceServerResetTestExecutionListener@be6d228, org.springframework.boot.test.autoconfigure.web.servlet.MockMvcPrintOnlyOnFailureTestExecutionListener@60c96eb4, org.springframework.boot.test.autoconfigure.web.servlet.WebDriverTestExecutionListener@7eee6c13]
2020-07-13 20:56:59.317  INFO 31313 --- [           main] o.s.t.c.transaction.TransactionContext   : Began transaction (1) for test context [DefaultTestContext@41e8d917 testClass = SubmissionServiceTest, testInstance = com.challenge.suite.SubmissionServiceTest@2ae5bd34, testMethod = whenFindByChallengeIdAndAccelerationId@SubmissionServiceTest, testException = [null], mergedContextConfiguration = [MergedContextConfiguration@2b3f7704 testClass = SubmissionServiceTest, locations = '{}', classes = '{class com.challenge.SpringChallengeApplication}', contextInitializerClasses = '[]', activeProfiles = '{}', propertySourceLocations = '{}', propertySourceProperties = '{org.springframework.boot.test.context.SpringBootTestContextBootstrapper=true}', contextCustomizers = set[org.springframework.boot.test.context.filter.ExcludeFilterContextCustomizer@1786dec2, org.springframework.boot.test.json.DuplicateJsonObjectContextCustomizerFactory$DuplicateJsonObjectContextCustomizer@6acdbdf5, org.springframework.boot.test.mock.mockito.MockitoContextCustomizer@0, org.springframework.boot.test.web.client.TestRestTemplateContextCustomizer@30a3107a, org.springframework.boot.test.autoconfigure.properties.PropertyMappingContextCustomizer@0, org.springframework.boot.test.autoconfigure.web.servlet.WebDriverContextCustomizerFactory$Customizer@51e2adc7], contextLoader = 'org.springframework.boot.test.context.SpringBootContextLoader', parent = [null]], attributes = map[[empty]]]; transaction manager [org.springframework.orm.jpa.JpaTransactionManager@22f8adc2]; rollback [true]
Hibernate: select submission0_.challenge_id as challeng4_4_0_, submission0_.user_id as user_id3_4_0_, challenge1_.id as id1_2_1_, accelerati2_.id as id1_0_2_, submission0_.created_at as created_1_4_0_, submission0_.score as score2_4_0_, challenge1_.created_at as created_2_2_1_, challenge1_.name as name3_2_1_, challenge1_.slug as slug4_2_1_, accelerati2_.challenge_id as challeng5_0_2_, accelerati2_.created_at as created_2_0_2_, accelerati2_.name as name3_0_2_, accelerati2_.slug as slug4_0_2_ from submission submission0_ inner join challenge challenge1_ on submission0_.challenge_id=challenge1_.id inner join acceleration accelerati2_ on challenge1_.id=accelerati2_.challenge_id where challenge1_.id=? and accelerati2_.id=?
Hibernate: select challenge0_.id as id1_2_0_, challenge0_.created_at as created_2_2_0_, challenge0_.name as name3_2_0_, challenge0_.slug as slug4_2_0_ from challenge challenge0_ where challenge0_.id=?
Hibernate: select user0_.id as id1_5_0_, user0_.created_at as created_2_5_0_, user0_.email as email3_5_0_, user0_.full_name as full_nam4_5_0_, user0_.nickname as nickname5_5_0_, user0_.password as password6_5_0_ from users user0_ where user0_.id=?
Hibernate: select user0_.id as id1_5_0_, user0_.created_at as created_2_5_0_, user0_.email as email3_5_0_, user0_.full_name as full_nam4_5_0_, user0_.nickname as nickname5_5_0_, user0_.password as password6_5_0_ from users user0_ where user0_.id=?
Hibernate: select user0_.id as id1_5_0_, user0_.created_at as created_2_5_0_, user0_.email as email3_5_0_, user0_.full_name as full_nam4_5_0_, user0_.nickname as nickname5_5_0_, user0_.password as password6_5_0_ from users user0_ where user0_.id=?
2020-07-13 20:56:59.423  INFO 31313 --- [           main] o.s.t.c.transaction.TransactionContext   : Rolled back transaction for test: [DefaultTestContext@41e8d917 testClass = SubmissionServiceTest, testInstance = com.challenge.suite.SubmissionServiceTest@2ae5bd34, testMethod = whenFindByChallengeIdAndAccelerationId@SubmissionServiceTest, testException = [null], mergedContextConfiguration = [MergedContextConfiguration@2b3f7704 testClass = SubmissionServiceTest, locations = '{}', classes = '{class com.challenge.SpringChallengeApplication}', contextInitializerClasses = '[]', activeProfiles = '{}', propertySourceLocations = '{}', propertySourceProperties = '{org.springframework.boot.test.context.SpringBootTestContextBootstrapper=true}', contextCustomizers = set[org.springframework.boot.test.context.filter.ExcludeFilterContextCustomizer@1786dec2, org.springframework.boot.test.json.DuplicateJsonObjectContextCustomizerFactory$DuplicateJsonObjectContextCustomizer@6acdbdf5, org.springframework.boot.test.mock.mockito.MockitoContextCustomizer@0, org.springframework.boot.test.web.client.TestRestTemplateContextCustomizer@30a3107a, org.springframework.boot.test.autoconfigure.properties.PropertyMappingContextCustomizer@0, org.springframework.boot.test.autoconfigure.web.servlet.WebDriverContextCustomizerFactory$Customizer@51e2adc7], contextLoader = 'org.springframework.boot.test.context.SpringBootContextLoader', parent = [null]], attributes = map[[empty]]]
2020-07-13 20:56:59.428  INFO 31313 --- [           main] o.s.t.c.transaction.TransactionContext   : Began transaction (1) for test context [DefaultTestContext@41e8d917 testClass = SubmissionServiceTest, testInstance = com.challenge.suite.SubmissionServiceTest@14be750c, testMethod = whenFindHigherScoreByChallengeIdReturnNotFound@SubmissionServiceTest, testException = [null], mergedContextConfiguration = [MergedContextConfiguration@2b3f7704 testClass = SubmissionServiceTest, locations = '{}', classes = '{class com.challenge.SpringChallengeApplication}', contextInitializerClasses = '[]', activeProfiles = '{}', propertySourceLocations = '{}', propertySourceProperties = '{org.springframework.boot.test.context.SpringBootTestContextBootstrapper=true}', contextCustomizers = set[org.springframework.boot.test.context.filter.ExcludeFilterContextCustomizer@1786dec2, org.springframework.boot.test.json.DuplicateJsonObjectContextCustomizerFactory$DuplicateJsonObjectContextCustomizer@6acdbdf5, org.springframework.boot.test.mock.mockito.MockitoContextCustomizer@0, org.springframework.boot.test.web.client.TestRestTemplateContextCustomizer@30a3107a, org.springframework.boot.test.autoconfigure.properties.PropertyMappingContextCustomizer@0, org.springframework.boot.test.autoconfigure.web.servlet.WebDriverContextCustomizerFactory$Customizer@51e2adc7], contextLoader = 'org.springframework.boot.test.context.SpringBootContextLoader', parent = [null]], attributes = map[[empty]]]; transaction manager [org.springframework.orm.jpa.JpaTransactionManager@22f8adc2]; rollback [true]
Hibernate: select max(submission0_.score) as col_0_0_ from submission submission0_ inner join challenge challenge1_ on submission0_.challenge_id=challenge1_.id where challenge1_.id=?
2020-07-13 20:56:59.506  INFO 31313 --- [           main] o.s.t.c.transaction.TransactionContext   : Rolled back transaction for test: [DefaultTestContext@41e8d917 testClass = SubmissionServiceTest, testInstance = com.challenge.suite.SubmissionServiceTest@14be750c, testMethod = whenFindHigherScoreByChallengeIdReturnNotFound@SubmissionServiceTest, testException = [null], mergedContextConfiguration = [MergedContextConfiguration@2b3f7704 testClass = SubmissionServiceTest, locations = '{}', classes = '{class com.challenge.SpringChallengeApplication}', contextInitializerClasses = '[]', activeProfiles = '{}', propertySourceLocations = '{}', propertySourceProperties = '{org.springframework.boot.test.context.SpringBootTestContextBootstrapper=true}', contextCustomizers = set[org.springframework.boot.test.context.filter.ExcludeFilterContextCustomizer@1786dec2, org.springframework.boot.test.json.DuplicateJsonObjectContextCustomizerFactory$DuplicateJsonObjectContextCustomizer@6acdbdf5, org.springframework.boot.test.mock.mockito.MockitoContextCustomizer@0, org.springframework.boot.test.web.client.TestRestTemplateContextCustomizer@30a3107a, org.springframework.boot.test.autoconfigure.properties.PropertyMappingContextCustomizer@0, org.springframework.boot.test.autoconfigure.web.servlet.WebDriverContextCustomizerFactory$Customizer@51e2adc7], contextLoader = 'org.springframework.boot.test.context.SpringBootContextLoader', parent = [null]], attributes = map[[empty]]]
2020-07-13 20:56:59.521  INFO 31313 --- [           main] o.s.t.c.transaction.TransactionContext   : Began transaction (1) for test context [DefaultTestContext@41e8d917 testClass = SubmissionServiceTest, testInstance = com.challenge.suite.SubmissionServiceTest@701d2b59, testMethod = whenFindHigherScoreByChallengeId@SubmissionServiceTest, testException = [null], mergedContextConfiguration = [MergedContextConfiguration@2b3f7704 testClass = SubmissionServiceTest, locations = '{}', classes = '{class com.challenge.SpringChallengeApplication}', contextInitializerClasses = '[]', activeProfiles = '{}', propertySourceLocations = '{}', propertySourceProperties = '{org.springframework.boot.test.context.SpringBootTestContextBootstrapper=true}', contextCustomizers = set[org.springframework.boot.test.context.filter.ExcludeFilterContextCustomizer@1786dec2, org.springframework.boot.test.json.DuplicateJsonObjectContextCustomizerFactory$DuplicateJsonObjectContextCustomizer@6acdbdf5, org.springframework.boot.test.mock.mockito.MockitoContextCustomizer@0, org.springframework.boot.test.web.client.TestRestTemplateContextCustomizer@30a3107a, org.springframework.boot.test.autoconfigure.properties.PropertyMappingContextCustomizer@0, org.springframework.boot.test.autoconfigure.web.servlet.WebDriverContextCustomizerFactory$Customizer@51e2adc7], contextLoader = 'org.springframework.boot.test.context.SpringBootContextLoader', parent = [null]], attributes = map[[empty]]]; transaction manager [org.springframework.orm.jpa.JpaTransactionManager@22f8adc2]; rollback [true]
Hibernate: select max(submission0_.score) as col_0_0_ from submission submission0_ inner join challenge challenge1_ on submission0_.challenge_id=challenge1_.id where challenge1_.id=?
2020-07-13 20:56:59.581  INFO 31313 --- [           main] o.s.t.c.transaction.TransactionContext   : Rolled back transaction for test: [DefaultTestContext@41e8d917 testClass = SubmissionServiceTest, testInstance = com.challenge.suite.SubmissionServiceTest@701d2b59, testMethod = whenFindHigherScoreByChallengeId@SubmissionServiceTest, testException = [null], mergedContextConfiguration = [MergedContextConfiguration@2b3f7704 testClass = SubmissionServiceTest, locations = '{}', classes = '{class com.challenge.SpringChallengeApplication}', contextInitializerClasses = '[]', activeProfiles = '{}', propertySourceLocations = '{}', propertySourceProperties = '{org.springframework.boot.test.context.SpringBootTestContextBootstrapper=true}', contextCustomizers = set[org.springframework.boot.test.context.filter.ExcludeFilterContextCustomizer@1786dec2, org.springframework.boot.test.json.DuplicateJsonObjectContextCustomizerFactory$DuplicateJsonObjectContextCustomizer@6acdbdf5, org.springframework.boot.test.mock.mockito.MockitoContextCustomizer@0, org.springframework.boot.test.web.client.TestRestTemplateContextCustomizer@30a3107a, org.springframework.boot.test.autoconfigure.properties.PropertyMappingContextCustomizer@0, org.springframework.boot.test.autoconfigure.web.servlet.WebDriverContextCustomizerFactory$Customizer@51e2adc7], contextLoader = 'org.springframework.boot.test.context.SpringBootContextLoader', parent = [null]], attributes = map[[empty]]]
[INFO] Tests run: 3, Failures: 0, Errors: 0, Skipped: 0, Time elapsed: 0.32 s - in com.challenge.suite.SubmissionServiceTest
[INFO] Running com.challenge.SpringChallengeApplicationTests
2020-07-13 20:56:59.593  INFO 31313 --- [           main] .b.t.c.SpringBootTestContextBootstrapper : Neither @ContextConfiguration nor @ContextHierarchy found for test class [com.challenge.SpringChallengeApplicationTests], using SpringBootContextLoader
2020-07-13 20:56:59.595  INFO 31313 --- [           main] o.s.t.c.support.AbstractContextLoader    : Could not detect default resource locations for test class [com.challenge.SpringChallengeApplicationTests]: no resource found for suffixes {-context.xml, Context.groovy}.
2020-07-13 20:56:59.595  INFO 31313 --- [           main] t.c.s.AnnotationConfigContextLoaderUtils : Could not detect default configuration classes for test class [com.challenge.SpringChallengeApplicationTests]: SpringChallengeApplicationTests does not declare any static, non-private, non-final, nested classes annotated with @Configuration.
2020-07-13 20:56:59.600  INFO 31313 --- [           main] .b.t.c.SpringBootTestContextBootstrapper : Found @SpringBootConfiguration com.challenge.SpringChallengeApplication for test class com.challenge.SpringChallengeApplicationTests
2020-07-13 20:56:59.605  INFO 31313 --- [           main] .b.t.c.SpringBootTestContextBootstrapper : Loaded default TestExecutionListener class names from location [META-INF/spring.factories]: [org.springframework.boot.test.mock.mockito.MockitoTestExecutionListener, org.springframework.boot.test.mock.mockito.ResetMocksTestExecutionListener, org.springframework.boot.test.autoconfigure.restdocs.RestDocsTestExecutionListener, org.springframework.boot.test.autoconfigure.web.client.MockRestServiceServerResetTestExecutionListener, org.springframework.boot.test.autoconfigure.web.servlet.MockMvcPrintOnlyOnFailureTestExecutionListener, org.springframework.boot.test.autoconfigure.web.servlet.WebDriverTestExecutionListener, org.springframework.test.context.web.ServletTestExecutionListener, org.springframework.test.context.support.DirtiesContextBeforeModesTestExecutionListener, org.springframework.test.context.support.DependencyInjectionTestExecutionListener, org.springframework.test.context.support.DirtiesContextTestExecutionListener, org.springframework.test.context.transaction.TransactionalTestExecutionListener, org.springframework.test.context.jdbc.SqlScriptsTestExecutionListener]
2020-07-13 20:56:59.608  INFO 31313 --- [           main] .b.t.c.SpringBootTestContextBootstrapper : Using TestExecutionListeners: [org.springframework.test.context.support.DirtiesContextBeforeModesTestExecutionListener@a826ff8, org.springframework.boot.test.mock.mockito.MockitoTestExecutionListener@71f0806b, org.springframework.boot.test.autoconfigure.SpringBootDependencyInjectionTestExecutionListener@49889154, org.springframework.test.context.support.DirtiesContextTestExecutionListener@5c33008f, org.springframework.test.context.transaction.TransactionalTestExecutionListener@45d7495e, org.springframework.test.context.jdbc.SqlScriptsTestExecutionListener@30517a57, org.springframework.boot.test.mock.mockito.ResetMocksTestExecutionListener@3dde5f38, org.springframework.boot.test.autoconfigure.restdocs.RestDocsTestExecutionListener@79ad1774, org.springframework.boot.test.autoconfigure.web.client.MockRestServiceServerResetTestExecutionListener@64f3ca6, org.springframework.boot.test.autoconfigure.web.servlet.MockMvcPrintOnlyOnFailureTestExecutionListener@3df77dfa, org.springframework.boot.test.autoconfigure.web.servlet.WebDriverTestExecutionListener@721fc2e3]
[INFO] Tests run: 1, Failures: 0, Errors: 0, Skipped: 0, Time elapsed: 0.047 s - in com.challenge.SpringChallengeApplicationTests
2020-07-13 20:56:59.658  INFO 31313 --- [       Thread-2] j.LocalContainerEntityManagerFactoryBean : Closing JPA EntityManagerFactory for persistence unit 'default'
2020-07-13 20:56:59.659  INFO 31313 --- [       Thread-2] .SchemaDropperImpl$DelayedDropActionImpl : HHH000477: Starting delayed evictData of schema as part of SessionFactory shut-down'
Hibernate: drop table acceleration if exists
Hibernate: drop table candidate if exists
Hibernate: drop table challenge if exists
Hibernate: drop table company if exists
Hibernate: drop table submission if exists
Hibernate: drop table users if exists
2020-07-13 20:56:59.706  INFO 31313 --- [       Thread-2] com.zaxxer.hikari.HikariDataSource       : HikariPool-1 - Shutdown initiated...
2020-07-13 20:56:59.723  INFO 31313 --- [       Thread-2] com.zaxxer.hikari.HikariDataSource       : HikariPool-1 - Shutdown completed.
[INFO] 
[INFO] Results:
[INFO] 
[INFO] Tests run: 20, Failures: 0, Errors: 0, Skipped: 0
[INFO] 
[INFO] ------------------------------------------------------------------------
[INFO] BUILD SUCCESS
[INFO] ------------------------------------------------------------------------
[INFO] Total time:  14.328 s
[INFO] Finished at: 2020-07-13T20:57:00-03:00
[INFO] ------------------------------------------------------------------------
